#! /usr/bin/vvp
:ivl_version "10.1 (stable)";
:ivl_delay_selection "TYPICAL";
:vpi_time_precision + 0;
:vpi_module "system";
:vpi_module "vhdl_sys";
:vpi_module "v2005_math";
:vpi_module "va_math";
S_0x55f038d84c10 .scope module, "top" "top" 2 2;
 .timescale 0 0;
v0x55f038e12ca0_0 .var "a", 31 0;
v0x55f038e12d80_0 .var "b", 31 0;
v0x55f038e12e40_0 .net "out", 31 0, L_0x55f038e39330;  1 drivers
v0x55f038e12f30_0 .var "sel", 2 0;
S_0x55f038de5390 .scope module, "u1" "logic_u" 2 8, 3 2 0, S_0x55f038d84c10;
 .timescale 0 0;
    .port_info 0 /INPUT 32 "a"
    .port_info 1 /INPUT 32 "b"
    .port_info 2 /INPUT 3 "select"
    .port_info 3 /OUTPUT 32 "out"
L_0x55f038e0fb60 .functor AND 32, v0x55f038e12ca0_0, v0x55f038e12d80_0, C4<11111111111111111111111111111111>, C4<11111111111111111111111111111111>;
L_0x55f038e13090 .functor OR 32, v0x55f038e12ca0_0, v0x55f038e12d80_0, C4<00000000000000000000000000000000>, C4<00000000000000000000000000000000>;
L_0x55f038e13170 .functor NOT 32, v0x55f038e12ca0_0, C4<00000000000000000000000000000000>, C4<00000000000000000000000000000000>, C4<00000000000000000000000000000000>;
L_0x55f038e13200 .functor NOT 32, v0x55f038e12d80_0, C4<00000000000000000000000000000000>, C4<00000000000000000000000000000000>, C4<00000000000000000000000000000000>;
L_0x55f038e13330 .functor AND 32, L_0x55f038e13170, L_0x55f038e13200, C4<11111111111111111111111111111111>, C4<11111111111111111111111111111111>;
L_0x55f038e133f0 .functor NOT 32, v0x55f038e12ca0_0, C4<00000000000000000000000000000000>, C4<00000000000000000000000000000000>, C4<00000000000000000000000000000000>;
L_0x55f038e134a0 .functor NOT 32, v0x55f038e12d80_0, C4<00000000000000000000000000000000>, C4<00000000000000000000000000000000>, C4<00000000000000000000000000000000>;
L_0x55f038e13510 .functor OR 32, L_0x55f038e133f0, L_0x55f038e134a0, C4<00000000000000000000000000000000>, C4<00000000000000000000000000000000>;
L_0x55f038e136c0 .functor XOR 32, v0x55f038e12ca0_0, v0x55f038e12d80_0, C4<00000000000000000000000000000000>, C4<00000000000000000000000000000000>;
L_0x55f038e137a0 .functor XOR 32, v0x55f038e12ca0_0, v0x55f038e12d80_0, C4<00000000000000000000000000000000>, C4<00000000000000000000000000000000>;
L_0x55f038e139a0 .functor NOT 32, L_0x55f038e137a0, C4<00000000000000000000000000000000>, C4<00000000000000000000000000000000>, C4<00000000000000000000000000000000>;
L_0x55f038e13a60 .functor NOT 32, v0x55f038e12ca0_0, C4<00000000000000000000000000000000>, C4<00000000000000000000000000000000>, C4<00000000000000000000000000000000>;
v0x55f038e11dd0_0 .net *"_s10", 31 0, L_0x55f038e133f0;  1 drivers
v0x55f038e11ed0_0 .net *"_s12", 31 0, L_0x55f038e134a0;  1 drivers
v0x55f038e11fb0_0 .net *"_s18", 31 0, L_0x55f038e137a0;  1 drivers
v0x55f038e12070_0 .net *"_s4", 31 0, L_0x55f038e13170;  1 drivers
v0x55f038e12150_0 .net *"_s6", 31 0, L_0x55f038e13200;  1 drivers
v0x55f038e12280_0 .net "a", 31 0, v0x55f038e12ca0_0;  1 drivers
v0x55f038e12340_0 .net "b", 31 0, v0x55f038e12d80_0;  1 drivers
v0x55f038e12400_0 .net "out", 31 0, L_0x55f038e39330;  alias, 1 drivers
v0x55f038e124c0_0 .net "out1", 31 0, L_0x55f038e0fb60;  1 drivers
v0x55f038e12590_0 .net "out2", 31 0, L_0x55f038e13090;  1 drivers
v0x55f038e12660_0 .net "out3", 31 0, L_0x55f038e13330;  1 drivers
v0x55f038e12730_0 .net "out4", 31 0, L_0x55f038e13510;  1 drivers
v0x55f038e12800_0 .net "out5", 31 0, L_0x55f038e136c0;  1 drivers
v0x55f038e128d0_0 .net "out6", 31 0, L_0x55f038e139a0;  1 drivers
v0x55f038e129a0_0 .net "out7", 31 0, L_0x55f038e13a60;  1 drivers
v0x55f038e12a70_0 .net "out8", 31 0, L_0x55f038e26950;  1 drivers
v0x55f038e12b10_0 .net "select", 2 0, v0x55f038e12f30_0;  1 drivers
L_0x55f038e38f70 .part v0x55f038e12f30_0, 2, 1;
L_0x55f038e396c0 .part v0x55f038e12f30_0, 1, 1;
L_0x55f038e39760 .part v0x55f038e12f30_0, 0, 1;
S_0x55f038de5030 .scope module, "x1" "comp" 3 16, 4 2 0, S_0x55f038de5390;
 .timescale 0 0;
    .port_info 0 /INPUT 32 "inp"
    .port_info 1 /OUTPUT 32 "out"
L_0x55f038e13bb0 .functor NOT 32, v0x55f038e12ca0_0, C4<00000000000000000000000000000000>, C4<00000000000000000000000000000000>, C4<00000000000000000000000000000000>;
v0x55f038e0f6c0_0 .net "carry", 0 0, L_0x55f038e25bc0;  1 drivers
v0x55f038e0f780_0 .net "inp", 31 0, v0x55f038e12ca0_0;  alias, 1 drivers
v0x55f038e0f860_0 .net "o1", 31 0, L_0x55f038e13bb0;  1 drivers
v0x55f038e0f900_0 .net "out", 31 0, L_0x55f038e26950;  alias, 1 drivers
S_0x55f038de4cb0 .scope module, "a1" "thirtytwoBitAdder" 4 7, 5 3 0, S_0x55f038de5030;
 .timescale 0 0;
    .port_info 0 /INPUT 32 "a"
    .port_info 1 /INPUT 32 "b"
    .port_info 2 /INPUT 1 "cin"
    .port_info 3 /OUTPUT 32 "sum"
    .port_info 4 /OUTPUT 1 "ca"
v0x55f038e0f110_0 .net "a", 31 0, L_0x55f038e13bb0;  alias, 1 drivers
L_0x7f4a31e21018 .functor BUFT 1, C4<00000000000000000000000000000001>, C4<0>, C4<0>, C4<0>;
v0x55f038e0f210_0 .net "b", 31 0, L_0x7f4a31e21018;  1 drivers
v0x55f038e0f2f0_0 .net "c2", 0 0, L_0x55f038e1c5f0;  1 drivers
v0x55f038e0f390_0 .net "ca", 0 0, L_0x55f038e25bc0;  alias, 1 drivers
L_0x7f4a31e21060 .functor BUFT 1, C4<0>, C4<0>, C4<0>, C4<0>;
v0x55f038e0f430_0 .net "cin", 0 0, L_0x7f4a31e21060;  1 drivers
v0x55f038e0f560_0 .net "sum", 31 0, L_0x55f038e26950;  alias, 1 drivers
L_0x55f038e1d1b0 .part L_0x55f038e13bb0, 0, 16;
L_0x55f038e1d250 .part L_0x7f4a31e21018, 0, 16;
L_0x55f038e26780 .part L_0x55f038e13bb0, 16, 16;
L_0x55f038e268b0 .part L_0x7f4a31e21018, 16, 16;
L_0x55f038e26950 .concat8 [ 16 16 0 0], L_0x55f038e1d070, L_0x55f038e26640;
S_0x55f038d86370 .scope module, "TA_0" "sixteenBitAdder" 5 13, 6 3 0, S_0x55f038de4cb0;
 .timescale 0 0;
    .port_info 0 /INPUT 16 "a"
    .port_info 1 /INPUT 16 "b"
    .port_info 2 /INPUT 1 "cin"
    .port_info 3 /OUTPUT 16 "sum"
    .port_info 4 /OUTPUT 1 "ca"
v0x55f038dfef40_0 .net "a", 15 0, L_0x55f038e1d1b0;  1 drivers
v0x55f038dff040_0 .net "b", 15 0, L_0x55f038e1d250;  1 drivers
v0x55f038dff120_0 .net "c1", 0 0, L_0x55f038e17c10;  1 drivers
v0x55f038dff1c0_0 .net "ca", 0 0, L_0x55f038e1c5f0;  alias, 1 drivers
v0x55f038dff260_0 .net "cin", 0 0, L_0x7f4a31e21060;  alias, 1 drivers
v0x55f038dff300_0 .net "sum", 15 0, L_0x55f038e1d070;  1 drivers
L_0x55f038e184b0 .part L_0x55f038e1d1b0, 0, 8;
L_0x55f038e18550 .part L_0x55f038e1d250, 0, 8;
L_0x55f038e1ce90 .part L_0x55f038e1d1b0, 8, 8;
L_0x55f038e1cf80 .part L_0x55f038e1d250, 8, 8;
L_0x55f038e1d070 .concat8 [ 8 8 0 0], L_0x55f038e18370, L_0x55f038e1cd50;
S_0x55f038d85750 .scope module, "SA_0" "eightBitAdder" 6 12, 7 3 0, S_0x55f038d86370;
 .timescale 0 0;
    .port_info 0 /INPUT 8 "a"
    .port_info 1 /INPUT 8 "b"
    .port_info 2 /INPUT 1 "cin"
    .port_info 3 /OUTPUT 8 "sum"
    .port_info 4 /OUTPUT 1 "ca"
v0x55f038df6e80_0 .net "a", 7 0, L_0x55f038e184b0;  1 drivers
v0x55f038df6f80_0 .net "b", 7 0, L_0x55f038e18550;  1 drivers
v0x55f038df7060_0 .net "ca", 0 0, L_0x55f038e17c10;  alias, 1 drivers
v0x55f038df7150_0 .net "cin", 0 0, L_0x7f4a31e21060;  alias, 1 drivers
v0x55f038df7240_0 .net "sum", 7 0, L_0x55f038e18370;  1 drivers
v0x55f038df7350_0 .net "w", 0 0, L_0x55f038e15840;  1 drivers
L_0x55f038e15dc0 .part L_0x55f038e184b0, 0, 4;
L_0x55f038e15e60 .part L_0x55f038e18550, 0, 4;
L_0x55f038e18190 .part L_0x55f038e184b0, 4, 4;
L_0x55f038e18280 .part L_0x55f038e18550, 4, 4;
L_0x55f038e18370 .concat8 [ 4 4 0 0], L_0x55f038e15d20, L_0x55f038e180f0;
S_0x55f038ddf450 .scope module, "EA_0" "fourBitAdder" 7 13, 8 3 0, S_0x55f038d85750;
 .timescale 0 0;
    .port_info 0 /INPUT 4 "a"
    .port_info 1 /INPUT 4 "b"
    .port_info 2 /INPUT 1 "cin"
    .port_info 3 /OUTPUT 4 "sum"
    .port_info 4 /OUTPUT 1 "ca"
v0x55f038df2e60_0 .net "a", 3 0, L_0x55f038e15dc0;  1 drivers
v0x55f038df2f60_0 .net "b", 3 0, L_0x55f038e15e60;  1 drivers
v0x55f038df3040_0 .net "c1", 0 0, L_0x55f038e14140;  1 drivers
v0x55f038df30e0_0 .net "c2", 0 0, L_0x55f038e14830;  1 drivers
v0x55f038df31d0_0 .net "c3", 0 0, L_0x55f038e15080;  1 drivers
v0x55f038df3310_0 .net "ca", 0 0, L_0x55f038e15840;  alias, 1 drivers
v0x55f038df33b0_0 .net "cin", 0 0, L_0x7f4a31e21060;  alias, 1 drivers
v0x55f038df3450_0 .net "sum", 3 0, L_0x55f038e15d20;  1 drivers
L_0x55f038e14250 .part L_0x55f038e15dc0, 0, 1;
L_0x55f038e142f0 .part L_0x55f038e15e60, 0, 1;
L_0x55f038e14940 .part L_0x55f038e15dc0, 1, 1;
L_0x55f038e14a70 .part L_0x55f038e15e60, 1, 1;
L_0x55f038e15190 .part L_0x55f038e15dc0, 2, 1;
L_0x55f038e152c0 .part L_0x55f038e15e60, 2, 1;
L_0x55f038e15950 .part L_0x55f038e15dc0, 3, 1;
L_0x55f038e15b10 .part L_0x55f038e15e60, 3, 1;
L_0x55f038e15d20 .concat8 [ 1 1 1 1], L_0x55f038e13d40, L_0x55f038e14490, L_0x55f038e14c10, L_0x55f038e154a0;
S_0x55f038dde590 .scope module, "FA_0" "fullAdder" 8 12, 9 1 0, S_0x55f038ddf450;
 .timescale 0 0;
    .port_info 0 /INPUT 1 "a"
    .port_info 1 /INPUT 1 "b"
    .port_info 2 /INPUT 1 "cin"
    .port_info 3 /OUTPUT 1 "sum"
    .port_info 4 /OUTPUT 1 "ca"
L_0x55f038e13cb0 .functor XOR 1, L_0x55f038e14250, L_0x55f038e142f0, C4<0>, C4<0>;
L_0x55f038e13d40 .functor XOR 1, L_0x55f038e13cb0, L_0x7f4a31e21060, C4<0>, C4<0>;
L_0x55f038e13e00 .functor AND 1, L_0x55f038e14250, L_0x55f038e142f0, C4<1>, C4<1>;
L_0x55f038e13f10 .functor AND 1, L_0x55f038e14250, L_0x7f4a31e21060, C4<1>, C4<1>;
L_0x55f038e13f80 .functor OR 1, L_0x55f038e13e00, L_0x55f038e13f10, C4<0>, C4<0>;
L_0x55f038e14090 .functor AND 1, L_0x55f038e142f0, L_0x7f4a31e21060, C4<1>, C4<1>;
L_0x55f038e14140 .functor OR 1, L_0x55f038e13f80, L_0x55f038e14090, C4<0>, C4<0>;
v0x55f038d91060_0 .net *"_s0", 0 0, L_0x55f038e13cb0;  1 drivers
v0x55f038df0530_0 .net *"_s10", 0 0, L_0x55f038e14090;  1 drivers
v0x55f038df0610_0 .net *"_s4", 0 0, L_0x55f038e13e00;  1 drivers
v0x55f038df06d0_0 .net *"_s6", 0 0, L_0x55f038e13f10;  1 drivers
v0x55f038df07b0_0 .net *"_s8", 0 0, L_0x55f038e13f80;  1 drivers
v0x55f038df08e0_0 .net "a", 0 0, L_0x55f038e14250;  1 drivers
v0x55f038df09a0_0 .net "b", 0 0, L_0x55f038e142f0;  1 drivers
v0x55f038df0a60_0 .net "ca", 0 0, L_0x55f038e14140;  alias, 1 drivers
v0x55f038df0b20_0 .net "cin", 0 0, L_0x7f4a31e21060;  alias, 1 drivers
v0x55f038df0be0_0 .net "sum", 0 0, L_0x55f038e13d40;  1 drivers
S_0x55f038df0d40 .scope module, "FA_1" "fullAdder" 8 13, 9 1 0, S_0x55f038ddf450;
 .timescale 0 0;
    .port_info 0 /INPUT 1 "a"
    .port_info 1 /INPUT 1 "b"
    .port_info 2 /INPUT 1 "cin"
    .port_info 3 /OUTPUT 1 "sum"
    .port_info 4 /OUTPUT 1 "ca"
L_0x55f038e14420 .functor XOR 1, L_0x55f038e14940, L_0x55f038e14a70, C4<0>, C4<0>;
L_0x55f038e14490 .functor XOR 1, L_0x55f038e14420, L_0x55f038e14140, C4<0>, C4<0>;
L_0x55f038e14590 .functor AND 1, L_0x55f038e14940, L_0x55f038e14a70, C4<1>, C4<1>;
L_0x55f038e14600 .functor AND 1, L_0x55f038e14940, L_0x55f038e14140, C4<1>, C4<1>;
L_0x55f038e14670 .functor OR 1, L_0x55f038e14590, L_0x55f038e14600, C4<0>, C4<0>;
L_0x55f038e14780 .functor AND 1, L_0x55f038e14a70, L_0x55f038e14140, C4<1>, C4<1>;
L_0x55f038e14830 .functor OR 1, L_0x55f038e14670, L_0x55f038e14780, C4<0>, C4<0>;
v0x55f038df0ee0_0 .net *"_s0", 0 0, L_0x55f038e14420;  1 drivers
v0x55f038df0fc0_0 .net *"_s10", 0 0, L_0x55f038e14780;  1 drivers
v0x55f038df10a0_0 .net *"_s4", 0 0, L_0x55f038e14590;  1 drivers
v0x55f038df1160_0 .net *"_s6", 0 0, L_0x55f038e14600;  1 drivers
v0x55f038df1240_0 .net *"_s8", 0 0, L_0x55f038e14670;  1 drivers
v0x55f038df1370_0 .net "a", 0 0, L_0x55f038e14940;  1 drivers
v0x55f038df1430_0 .net "b", 0 0, L_0x55f038e14a70;  1 drivers
v0x55f038df14f0_0 .net "ca", 0 0, L_0x55f038e14830;  alias, 1 drivers
v0x55f038df15b0_0 .net "cin", 0 0, L_0x55f038e14140;  alias, 1 drivers
v0x55f038df1650_0 .net "sum", 0 0, L_0x55f038e14490;  1 drivers
S_0x55f038df1790 .scope module, "FA_2" "fullAdder" 8 14, 9 1 0, S_0x55f038ddf450;
 .timescale 0 0;
    .port_info 0 /INPUT 1 "a"
    .port_info 1 /INPUT 1 "b"
    .port_info 2 /INPUT 1 "cin"
    .port_info 3 /OUTPUT 1 "sum"
    .port_info 4 /OUTPUT 1 "ca"
L_0x55f038e14ba0 .functor XOR 1, L_0x55f038e15190, L_0x55f038e152c0, C4<0>, C4<0>;
L_0x55f038e14c10 .functor XOR 1, L_0x55f038e14ba0, L_0x55f038e14830, C4<0>, C4<0>;
L_0x55f038e14d60 .functor AND 1, L_0x55f038e15190, L_0x55f038e152c0, C4<1>, C4<1>;
L_0x55f038e14e20 .functor AND 1, L_0x55f038e15190, L_0x55f038e14830, C4<1>, C4<1>;
L_0x55f038e14ec0 .functor OR 1, L_0x55f038e14d60, L_0x55f038e14e20, C4<0>, C4<0>;
L_0x55f038e14fd0 .functor AND 1, L_0x55f038e152c0, L_0x55f038e14830, C4<1>, C4<1>;
L_0x55f038e15080 .functor OR 1, L_0x55f038e14ec0, L_0x55f038e14fd0, C4<0>, C4<0>;
v0x55f038df1990_0 .net *"_s0", 0 0, L_0x55f038e14ba0;  1 drivers
v0x55f038df1a70_0 .net *"_s10", 0 0, L_0x55f038e14fd0;  1 drivers
v0x55f038df1b50_0 .net *"_s4", 0 0, L_0x55f038e14d60;  1 drivers
v0x55f038df1c10_0 .net *"_s6", 0 0, L_0x55f038e14e20;  1 drivers
v0x55f038df1cf0_0 .net *"_s8", 0 0, L_0x55f038e14ec0;  1 drivers
v0x55f038df1e20_0 .net "a", 0 0, L_0x55f038e15190;  1 drivers
v0x55f038df1ee0_0 .net "b", 0 0, L_0x55f038e152c0;  1 drivers
v0x55f038df1fa0_0 .net "ca", 0 0, L_0x55f038e15080;  alias, 1 drivers
v0x55f038df2060_0 .net "cin", 0 0, L_0x55f038e14830;  alias, 1 drivers
v0x55f038df2190_0 .net "sum", 0 0, L_0x55f038e14c10;  1 drivers
S_0x55f038df22d0 .scope module, "FA_3" "fullAdder" 8 15, 9 1 0, S_0x55f038ddf450;
 .timescale 0 0;
    .port_info 0 /INPUT 1 "a"
    .port_info 1 /INPUT 1 "b"
    .port_info 2 /INPUT 1 "cin"
    .port_info 3 /OUTPUT 1 "sum"
    .port_info 4 /OUTPUT 1 "ca"
L_0x55f038e15430 .functor XOR 1, L_0x55f038e15950, L_0x55f038e15b10, C4<0>, C4<0>;
L_0x55f038e154a0 .functor XOR 1, L_0x55f038e15430, L_0x55f038e15080, C4<0>, C4<0>;
L_0x55f038e155a0 .functor AND 1, L_0x55f038e15950, L_0x55f038e15b10, C4<1>, C4<1>;
L_0x55f038e15610 .functor AND 1, L_0x55f038e15950, L_0x55f038e15080, C4<1>, C4<1>;
L_0x55f038e15680 .functor OR 1, L_0x55f038e155a0, L_0x55f038e15610, C4<0>, C4<0>;
L_0x55f038e15790 .functor AND 1, L_0x55f038e15b10, L_0x55f038e15080, C4<1>, C4<1>;
L_0x55f038e15840 .functor OR 1, L_0x55f038e15680, L_0x55f038e15790, C4<0>, C4<0>;
v0x55f038df24d0_0 .net *"_s0", 0 0, L_0x55f038e15430;  1 drivers
v0x55f038df25d0_0 .net *"_s10", 0 0, L_0x55f038e15790;  1 drivers
v0x55f038df26b0_0 .net *"_s4", 0 0, L_0x55f038e155a0;  1 drivers
v0x55f038df2770_0 .net *"_s6", 0 0, L_0x55f038e15610;  1 drivers
v0x55f038df2850_0 .net *"_s8", 0 0, L_0x55f038e15680;  1 drivers
v0x55f038df2980_0 .net "a", 0 0, L_0x55f038e15950;  1 drivers
v0x55f038df2a40_0 .net "b", 0 0, L_0x55f038e15b10;  1 drivers
v0x55f038df2b00_0 .net "ca", 0 0, L_0x55f038e15840;  alias, 1 drivers
v0x55f038df2bc0_0 .net "cin", 0 0, L_0x55f038e15080;  alias, 1 drivers
v0x55f038df2cf0_0 .net "sum", 0 0, L_0x55f038e154a0;  1 drivers
S_0x55f038df3570 .scope module, "EA_1" "fourBitAdder" 7 14, 8 3 0, S_0x55f038d85750;
 .timescale 0 0;
    .port_info 0 /INPUT 4 "a"
    .port_info 1 /INPUT 4 "b"
    .port_info 2 /INPUT 1 "cin"
    .port_info 3 /OUTPUT 4 "sum"
    .port_info 4 /OUTPUT 1 "ca"
v0x55f038df6750_0 .net "a", 3 0, L_0x55f038e18190;  1 drivers
v0x55f038df6850_0 .net "b", 3 0, L_0x55f038e18280;  1 drivers
v0x55f038df6930_0 .net "c1", 0 0, L_0x55f038e16480;  1 drivers
v0x55f038df69d0_0 .net "c2", 0 0, L_0x55f038e16ba0;  1 drivers
v0x55f038df6ac0_0 .net "c3", 0 0, L_0x55f038e17420;  1 drivers
v0x55f038df6c00_0 .net "ca", 0 0, L_0x55f038e17c10;  alias, 1 drivers
v0x55f038df6ca0_0 .net "cin", 0 0, L_0x55f038e15840;  alias, 1 drivers
v0x55f038df6d40_0 .net "sum", 3 0, L_0x55f038e180f0;  1 drivers
L_0x55f038e16590 .part L_0x55f038e18190, 0, 1;
L_0x55f038e16630 .part L_0x55f038e18280, 0, 1;
L_0x55f038e16cb0 .part L_0x55f038e18190, 1, 1;
L_0x55f038e16de0 .part L_0x55f038e18280, 1, 1;
L_0x55f038e17530 .part L_0x55f038e18190, 2, 1;
L_0x55f038e17660 .part L_0x55f038e18280, 2, 1;
L_0x55f038e17d20 .part L_0x55f038e18190, 3, 1;
L_0x55f038e17ee0 .part L_0x55f038e18280, 3, 1;
L_0x55f038e180f0 .concat8 [ 1 1 1 1], L_0x55f038e15f70, L_0x55f038e167d0, L_0x55f038e16fb0, L_0x55f038e17840;
S_0x55f038df37e0 .scope module, "FA_0" "fullAdder" 8 12, 9 1 0, S_0x55f038df3570;
 .timescale 0 0;
    .port_info 0 /INPUT 1 "a"
    .port_info 1 /INPUT 1 "b"
    .port_info 2 /INPUT 1 "cin"
    .port_info 3 /OUTPUT 1 "sum"
    .port_info 4 /OUTPUT 1 "ca"
L_0x55f038e15f00 .functor XOR 1, L_0x55f038e16590, L_0x55f038e16630, C4<0>, C4<0>;
L_0x55f038e15f70 .functor XOR 1, L_0x55f038e15f00, L_0x55f038e15840, C4<0>, C4<0>;
L_0x55f038e16030 .functor AND 1, L_0x55f038e16590, L_0x55f038e16630, C4<1>, C4<1>;
L_0x55f038e16140 .functor AND 1, L_0x55f038e16590, L_0x55f038e15840, C4<1>, C4<1>;
L_0x55f038e161b0 .functor OR 1, L_0x55f038e16030, L_0x55f038e16140, C4<0>, C4<0>;
L_0x55f038e162c0 .functor AND 1, L_0x55f038e16630, L_0x55f038e15840, C4<1>, C4<1>;
L_0x55f038e16480 .functor OR 1, L_0x55f038e161b0, L_0x55f038e162c0, C4<0>, C4<0>;
v0x55f038df3a30_0 .net *"_s0", 0 0, L_0x55f038e15f00;  1 drivers
v0x55f038df3b30_0 .net *"_s10", 0 0, L_0x55f038e162c0;  1 drivers
v0x55f038df3c10_0 .net *"_s4", 0 0, L_0x55f038e16030;  1 drivers
v0x55f038df3d00_0 .net *"_s6", 0 0, L_0x55f038e16140;  1 drivers
v0x55f038df3de0_0 .net *"_s8", 0 0, L_0x55f038e161b0;  1 drivers
v0x55f038df3f10_0 .net "a", 0 0, L_0x55f038e16590;  1 drivers
v0x55f038df3fd0_0 .net "b", 0 0, L_0x55f038e16630;  1 drivers
v0x55f038df4090_0 .net "ca", 0 0, L_0x55f038e16480;  alias, 1 drivers
v0x55f038df4150_0 .net "cin", 0 0, L_0x55f038e15840;  alias, 1 drivers
v0x55f038df4280_0 .net "sum", 0 0, L_0x55f038e15f70;  1 drivers
S_0x55f038df43e0 .scope module, "FA_1" "fullAdder" 8 13, 9 1 0, S_0x55f038df3570;
 .timescale 0 0;
    .port_info 0 /INPUT 1 "a"
    .port_info 1 /INPUT 1 "b"
    .port_info 2 /INPUT 1 "cin"
    .port_info 3 /OUTPUT 1 "sum"
    .port_info 4 /OUTPUT 1 "ca"
L_0x55f038e16760 .functor XOR 1, L_0x55f038e16cb0, L_0x55f038e16de0, C4<0>, C4<0>;
L_0x55f038e167d0 .functor XOR 1, L_0x55f038e16760, L_0x55f038e16480, C4<0>, C4<0>;
L_0x55f038e168d0 .functor AND 1, L_0x55f038e16cb0, L_0x55f038e16de0, C4<1>, C4<1>;
L_0x55f038e16940 .functor AND 1, L_0x55f038e16cb0, L_0x55f038e16480, C4<1>, C4<1>;
L_0x55f038e169e0 .functor OR 1, L_0x55f038e168d0, L_0x55f038e16940, C4<0>, C4<0>;
L_0x55f038e16af0 .functor AND 1, L_0x55f038e16de0, L_0x55f038e16480, C4<1>, C4<1>;
L_0x55f038e16ba0 .functor OR 1, L_0x55f038e169e0, L_0x55f038e16af0, C4<0>, C4<0>;
v0x55f038df4650_0 .net *"_s0", 0 0, L_0x55f038e16760;  1 drivers
v0x55f038df4730_0 .net *"_s10", 0 0, L_0x55f038e16af0;  1 drivers
v0x55f038df4810_0 .net *"_s4", 0 0, L_0x55f038e168d0;  1 drivers
v0x55f038df48d0_0 .net *"_s6", 0 0, L_0x55f038e16940;  1 drivers
v0x55f038df49b0_0 .net *"_s8", 0 0, L_0x55f038e169e0;  1 drivers
v0x55f038df4ae0_0 .net "a", 0 0, L_0x55f038e16cb0;  1 drivers
v0x55f038df4ba0_0 .net "b", 0 0, L_0x55f038e16de0;  1 drivers
v0x55f038df4c60_0 .net "ca", 0 0, L_0x55f038e16ba0;  alias, 1 drivers
v0x55f038df4d20_0 .net "cin", 0 0, L_0x55f038e16480;  alias, 1 drivers
v0x55f038df4e50_0 .net "sum", 0 0, L_0x55f038e167d0;  1 drivers
S_0x55f038df4fc0 .scope module, "FA_2" "fullAdder" 8 14, 9 1 0, S_0x55f038df3570;
 .timescale 0 0;
    .port_info 0 /INPUT 1 "a"
    .port_info 1 /INPUT 1 "b"
    .port_info 2 /INPUT 1 "cin"
    .port_info 3 /OUTPUT 1 "sum"
    .port_info 4 /OUTPUT 1 "ca"
L_0x55f038e16f40 .functor XOR 1, L_0x55f038e17530, L_0x55f038e17660, C4<0>, C4<0>;
L_0x55f038e16fb0 .functor XOR 1, L_0x55f038e16f40, L_0x55f038e16ba0, C4<0>, C4<0>;
L_0x55f038e17100 .functor AND 1, L_0x55f038e17530, L_0x55f038e17660, C4<1>, C4<1>;
L_0x55f038e171c0 .functor AND 1, L_0x55f038e17530, L_0x55f038e16ba0, C4<1>, C4<1>;
L_0x55f038e17260 .functor OR 1, L_0x55f038e17100, L_0x55f038e171c0, C4<0>, C4<0>;
L_0x55f038e17370 .functor AND 1, L_0x55f038e17660, L_0x55f038e16ba0, C4<1>, C4<1>;
L_0x55f038e17420 .functor OR 1, L_0x55f038e17260, L_0x55f038e17370, C4<0>, C4<0>;
v0x55f038df51f0_0 .net *"_s0", 0 0, L_0x55f038e16f40;  1 drivers
v0x55f038df52d0_0 .net *"_s10", 0 0, L_0x55f038e17370;  1 drivers
v0x55f038df53b0_0 .net *"_s4", 0 0, L_0x55f038e17100;  1 drivers
v0x55f038df54a0_0 .net *"_s6", 0 0, L_0x55f038e171c0;  1 drivers
v0x55f038df5580_0 .net *"_s8", 0 0, L_0x55f038e17260;  1 drivers
v0x55f038df56b0_0 .net "a", 0 0, L_0x55f038e17530;  1 drivers
v0x55f038df5770_0 .net "b", 0 0, L_0x55f038e17660;  1 drivers
v0x55f038df5830_0 .net "ca", 0 0, L_0x55f038e17420;  alias, 1 drivers
v0x55f038df58f0_0 .net "cin", 0 0, L_0x55f038e16ba0;  alias, 1 drivers
v0x55f038df5a20_0 .net "sum", 0 0, L_0x55f038e16fb0;  1 drivers
S_0x55f038df5b90 .scope module, "FA_3" "fullAdder" 8 15, 9 1 0, S_0x55f038df3570;
 .timescale 0 0;
    .port_info 0 /INPUT 1 "a"
    .port_info 1 /INPUT 1 "b"
    .port_info 2 /INPUT 1 "cin"
    .port_info 3 /OUTPUT 1 "sum"
    .port_info 4 /OUTPUT 1 "ca"
L_0x55f038e177d0 .functor XOR 1, L_0x55f038e17d20, L_0x55f038e17ee0, C4<0>, C4<0>;
L_0x55f038e17840 .functor XOR 1, L_0x55f038e177d0, L_0x55f038e17420, C4<0>, C4<0>;
L_0x55f038e17940 .functor AND 1, L_0x55f038e17d20, L_0x55f038e17ee0, C4<1>, C4<1>;
L_0x55f038e179b0 .functor AND 1, L_0x55f038e17d20, L_0x55f038e17420, C4<1>, C4<1>;
L_0x55f038e17a50 .functor OR 1, L_0x55f038e17940, L_0x55f038e179b0, C4<0>, C4<0>;
L_0x55f038e17b60 .functor AND 1, L_0x55f038e17ee0, L_0x55f038e17420, C4<1>, C4<1>;
L_0x55f038e17c10 .functor OR 1, L_0x55f038e17a50, L_0x55f038e17b60, C4<0>, C4<0>;
v0x55f038df5d90_0 .net *"_s0", 0 0, L_0x55f038e177d0;  1 drivers
v0x55f038df5e90_0 .net *"_s10", 0 0, L_0x55f038e17b60;  1 drivers
v0x55f038df5f70_0 .net *"_s4", 0 0, L_0x55f038e17940;  1 drivers
v0x55f038df6060_0 .net *"_s6", 0 0, L_0x55f038e179b0;  1 drivers
v0x55f038df6140_0 .net *"_s8", 0 0, L_0x55f038e17a50;  1 drivers
v0x55f038df6270_0 .net "a", 0 0, L_0x55f038e17d20;  1 drivers
v0x55f038df6330_0 .net "b", 0 0, L_0x55f038e17ee0;  1 drivers
v0x55f038df63f0_0 .net "ca", 0 0, L_0x55f038e17c10;  alias, 1 drivers
v0x55f038df64b0_0 .net "cin", 0 0, L_0x55f038e17420;  alias, 1 drivers
v0x55f038df65e0_0 .net "sum", 0 0, L_0x55f038e17840;  1 drivers
S_0x55f038df7520 .scope module, "SA_1" "eightBitAdder" 6 13, 7 3 0, S_0x55f038d86370;
 .timescale 0 0;
    .port_info 0 /INPUT 8 "a"
    .port_info 1 /INPUT 8 "b"
    .port_info 2 /INPUT 1 "cin"
    .port_info 3 /OUTPUT 8 "sum"
    .port_info 4 /OUTPUT 1 "ca"
v0x55f038dfe8f0_0 .net "a", 7 0, L_0x55f038e1ce90;  1 drivers
v0x55f038dfe9f0_0 .net "b", 7 0, L_0x55f038e1cf80;  1 drivers
v0x55f038dfead0_0 .net "ca", 0 0, L_0x55f038e1c5f0;  alias, 1 drivers
v0x55f038dfebc0_0 .net "cin", 0 0, L_0x55f038e17c10;  alias, 1 drivers
v0x55f038dfec60_0 .net "sum", 7 0, L_0x55f038e1cd50;  1 drivers
v0x55f038dfed70_0 .net "w", 0 0, L_0x55f038e1a260;  1 drivers
L_0x55f038e1a7e0 .part L_0x55f038e1ce90, 0, 4;
L_0x55f038e1a880 .part L_0x55f038e1cf80, 0, 4;
L_0x55f038e1cb70 .part L_0x55f038e1ce90, 4, 4;
L_0x55f038e1cc60 .part L_0x55f038e1cf80, 4, 4;
L_0x55f038e1cd50 .concat8 [ 4 4 0 0], L_0x55f038e1a740, L_0x55f038e1cad0;
S_0x55f038df7740 .scope module, "EA_0" "fourBitAdder" 7 13, 8 3 0, S_0x55f038df7520;
 .timescale 0 0;
    .port_info 0 /INPUT 4 "a"
    .port_info 1 /INPUT 4 "b"
    .port_info 2 /INPUT 1 "cin"
    .port_info 3 /OUTPUT 4 "sum"
    .port_info 4 /OUTPUT 1 "ca"
v0x55f038dfa8a0_0 .net "a", 3 0, L_0x55f038e1a7e0;  1 drivers
v0x55f038dfa9a0_0 .net "b", 3 0, L_0x55f038e1a880;  1 drivers
v0x55f038dfaa80_0 .net "c1", 0 0, L_0x55f038e18b30;  1 drivers
v0x55f038dfab20_0 .net "c2", 0 0, L_0x55f038e19220;  1 drivers
v0x55f038dfac10_0 .net "c3", 0 0, L_0x55f038e19aa0;  1 drivers
v0x55f038dfad50_0 .net "ca", 0 0, L_0x55f038e1a260;  alias, 1 drivers
v0x55f038dfadf0_0 .net "cin", 0 0, L_0x55f038e17c10;  alias, 1 drivers
v0x55f038dfaf20_0 .net "sum", 3 0, L_0x55f038e1a740;  1 drivers
L_0x55f038e18c40 .part L_0x55f038e1a7e0, 0, 1;
L_0x55f038e18ce0 .part L_0x55f038e1a880, 0, 1;
L_0x55f038e19330 .part L_0x55f038e1a7e0, 1, 1;
L_0x55f038e19460 .part L_0x55f038e1a880, 1, 1;
L_0x55f038e19bb0 .part L_0x55f038e1a7e0, 2, 1;
L_0x55f038e19ce0 .part L_0x55f038e1a880, 2, 1;
L_0x55f038e1a370 .part L_0x55f038e1a7e0, 3, 1;
L_0x55f038e1a530 .part L_0x55f038e1a880, 3, 1;
L_0x55f038e1a740 .concat8 [ 1 1 1 1], L_0x55f038e18660, L_0x55f038e18e80, L_0x55f038e19630, L_0x55f038e19ec0;
S_0x55f038df7990 .scope module, "FA_0" "fullAdder" 8 12, 9 1 0, S_0x55f038df7740;
 .timescale 0 0;
    .port_info 0 /INPUT 1 "a"
    .port_info 1 /INPUT 1 "b"
    .port_info 2 /INPUT 1 "cin"
    .port_info 3 /OUTPUT 1 "sum"
    .port_info 4 /OUTPUT 1 "ca"
L_0x55f038e185f0 .functor XOR 1, L_0x55f038e18c40, L_0x55f038e18ce0, C4<0>, C4<0>;
L_0x55f038e18660 .functor XOR 1, L_0x55f038e185f0, L_0x55f038e17c10, C4<0>, C4<0>;
L_0x55f038e18830 .functor AND 1, L_0x55f038e18c40, L_0x55f038e18ce0, C4<1>, C4<1>;
L_0x55f038e18940 .functor AND 1, L_0x55f038e18c40, L_0x55f038e17c10, C4<1>, C4<1>;
L_0x55f038e189b0 .functor OR 1, L_0x55f038e18830, L_0x55f038e18940, C4<0>, C4<0>;
L_0x55f038e18ac0 .functor AND 1, L_0x55f038e18ce0, L_0x55f038e17c10, C4<1>, C4<1>;
L_0x55f038e18b30 .functor OR 1, L_0x55f038e189b0, L_0x55f038e18ac0, C4<0>, C4<0>;
v0x55f038df7c00_0 .net *"_s0", 0 0, L_0x55f038e185f0;  1 drivers
v0x55f038df7d00_0 .net *"_s10", 0 0, L_0x55f038e18ac0;  1 drivers
v0x55f038df7de0_0 .net *"_s4", 0 0, L_0x55f038e18830;  1 drivers
v0x55f038df7ea0_0 .net *"_s6", 0 0, L_0x55f038e18940;  1 drivers
v0x55f038df7f80_0 .net *"_s8", 0 0, L_0x55f038e189b0;  1 drivers
v0x55f038df80b0_0 .net "a", 0 0, L_0x55f038e18c40;  1 drivers
v0x55f038df8170_0 .net "b", 0 0, L_0x55f038e18ce0;  1 drivers
v0x55f038df8230_0 .net "ca", 0 0, L_0x55f038e18b30;  alias, 1 drivers
v0x55f038df82f0_0 .net "cin", 0 0, L_0x55f038e17c10;  alias, 1 drivers
v0x55f038df8420_0 .net "sum", 0 0, L_0x55f038e18660;  1 drivers
S_0x55f038df8580 .scope module, "FA_1" "fullAdder" 8 13, 9 1 0, S_0x55f038df7740;
 .timescale 0 0;
    .port_info 0 /INPUT 1 "a"
    .port_info 1 /INPUT 1 "b"
    .port_info 2 /INPUT 1 "cin"
    .port_info 3 /OUTPUT 1 "sum"
    .port_info 4 /OUTPUT 1 "ca"
L_0x55f038e18e10 .functor XOR 1, L_0x55f038e19330, L_0x55f038e19460, C4<0>, C4<0>;
L_0x55f038e18e80 .functor XOR 1, L_0x55f038e18e10, L_0x55f038e18b30, C4<0>, C4<0>;
L_0x55f038e18f80 .functor AND 1, L_0x55f038e19330, L_0x55f038e19460, C4<1>, C4<1>;
L_0x55f038e18ff0 .functor AND 1, L_0x55f038e19330, L_0x55f038e18b30, C4<1>, C4<1>;
L_0x55f038e19060 .functor OR 1, L_0x55f038e18f80, L_0x55f038e18ff0, C4<0>, C4<0>;
L_0x55f038e19170 .functor AND 1, L_0x55f038e19460, L_0x55f038e18b30, C4<1>, C4<1>;
L_0x55f038e19220 .functor OR 1, L_0x55f038e19060, L_0x55f038e19170, C4<0>, C4<0>;
v0x55f038df87a0_0 .net *"_s0", 0 0, L_0x55f038e18e10;  1 drivers
v0x55f038df8880_0 .net *"_s10", 0 0, L_0x55f038e19170;  1 drivers
v0x55f038df8960_0 .net *"_s4", 0 0, L_0x55f038e18f80;  1 drivers
v0x55f038df8a20_0 .net *"_s6", 0 0, L_0x55f038e18ff0;  1 drivers
v0x55f038df8b00_0 .net *"_s8", 0 0, L_0x55f038e19060;  1 drivers
v0x55f038df8c30_0 .net "a", 0 0, L_0x55f038e19330;  1 drivers
v0x55f038df8cf0_0 .net "b", 0 0, L_0x55f038e19460;  1 drivers
v0x55f038df8db0_0 .net "ca", 0 0, L_0x55f038e19220;  alias, 1 drivers
v0x55f038df8e70_0 .net "cin", 0 0, L_0x55f038e18b30;  alias, 1 drivers
v0x55f038df8fa0_0 .net "sum", 0 0, L_0x55f038e18e80;  1 drivers
S_0x55f038df9110 .scope module, "FA_2" "fullAdder" 8 14, 9 1 0, S_0x55f038df7740;
 .timescale 0 0;
    .port_info 0 /INPUT 1 "a"
    .port_info 1 /INPUT 1 "b"
    .port_info 2 /INPUT 1 "cin"
    .port_info 3 /OUTPUT 1 "sum"
    .port_info 4 /OUTPUT 1 "ca"
L_0x55f038e195c0 .functor XOR 1, L_0x55f038e19bb0, L_0x55f038e19ce0, C4<0>, C4<0>;
L_0x55f038e19630 .functor XOR 1, L_0x55f038e195c0, L_0x55f038e19220, C4<0>, C4<0>;
L_0x55f038e19780 .functor AND 1, L_0x55f038e19bb0, L_0x55f038e19ce0, C4<1>, C4<1>;
L_0x55f038e19840 .functor AND 1, L_0x55f038e19bb0, L_0x55f038e19220, C4<1>, C4<1>;
L_0x55f038e198e0 .functor OR 1, L_0x55f038e19780, L_0x55f038e19840, C4<0>, C4<0>;
L_0x55f038e199f0 .functor AND 1, L_0x55f038e19ce0, L_0x55f038e19220, C4<1>, C4<1>;
L_0x55f038e19aa0 .functor OR 1, L_0x55f038e198e0, L_0x55f038e199f0, C4<0>, C4<0>;
v0x55f038df9340_0 .net *"_s0", 0 0, L_0x55f038e195c0;  1 drivers
v0x55f038df9420_0 .net *"_s10", 0 0, L_0x55f038e199f0;  1 drivers
v0x55f038df9500_0 .net *"_s4", 0 0, L_0x55f038e19780;  1 drivers
v0x55f038df95f0_0 .net *"_s6", 0 0, L_0x55f038e19840;  1 drivers
v0x55f038df96d0_0 .net *"_s8", 0 0, L_0x55f038e198e0;  1 drivers
v0x55f038df9800_0 .net "a", 0 0, L_0x55f038e19bb0;  1 drivers
v0x55f038df98c0_0 .net "b", 0 0, L_0x55f038e19ce0;  1 drivers
v0x55f038df9980_0 .net "ca", 0 0, L_0x55f038e19aa0;  alias, 1 drivers
v0x55f038df9a40_0 .net "cin", 0 0, L_0x55f038e19220;  alias, 1 drivers
v0x55f038df9b70_0 .net "sum", 0 0, L_0x55f038e19630;  1 drivers
S_0x55f038df9ce0 .scope module, "FA_3" "fullAdder" 8 15, 9 1 0, S_0x55f038df7740;
 .timescale 0 0;
    .port_info 0 /INPUT 1 "a"
    .port_info 1 /INPUT 1 "b"
    .port_info 2 /INPUT 1 "cin"
    .port_info 3 /OUTPUT 1 "sum"
    .port_info 4 /OUTPUT 1 "ca"
L_0x55f038e19e50 .functor XOR 1, L_0x55f038e1a370, L_0x55f038e1a530, C4<0>, C4<0>;
L_0x55f038e19ec0 .functor XOR 1, L_0x55f038e19e50, L_0x55f038e19aa0, C4<0>, C4<0>;
L_0x55f038e19fc0 .functor AND 1, L_0x55f038e1a370, L_0x55f038e1a530, C4<1>, C4<1>;
L_0x55f038e1a030 .functor AND 1, L_0x55f038e1a370, L_0x55f038e19aa0, C4<1>, C4<1>;
L_0x55f038e1a0a0 .functor OR 1, L_0x55f038e19fc0, L_0x55f038e1a030, C4<0>, C4<0>;
L_0x55f038e1a1b0 .functor AND 1, L_0x55f038e1a530, L_0x55f038e19aa0, C4<1>, C4<1>;
L_0x55f038e1a260 .functor OR 1, L_0x55f038e1a0a0, L_0x55f038e1a1b0, C4<0>, C4<0>;
v0x55f038df9ee0_0 .net *"_s0", 0 0, L_0x55f038e19e50;  1 drivers
v0x55f038df9fe0_0 .net *"_s10", 0 0, L_0x55f038e1a1b0;  1 drivers
v0x55f038dfa0c0_0 .net *"_s4", 0 0, L_0x55f038e19fc0;  1 drivers
v0x55f038dfa1b0_0 .net *"_s6", 0 0, L_0x55f038e1a030;  1 drivers
v0x55f038dfa290_0 .net *"_s8", 0 0, L_0x55f038e1a0a0;  1 drivers
v0x55f038dfa3c0_0 .net "a", 0 0, L_0x55f038e1a370;  1 drivers
v0x55f038dfa480_0 .net "b", 0 0, L_0x55f038e1a530;  1 drivers
v0x55f038dfa540_0 .net "ca", 0 0, L_0x55f038e1a260;  alias, 1 drivers
v0x55f038dfa600_0 .net "cin", 0 0, L_0x55f038e19aa0;  alias, 1 drivers
v0x55f038dfa730_0 .net "sum", 0 0, L_0x55f038e19ec0;  1 drivers
S_0x55f038dfb060 .scope module, "EA_1" "fourBitAdder" 7 14, 8 3 0, S_0x55f038df7520;
 .timescale 0 0;
    .port_info 0 /INPUT 4 "a"
    .port_info 1 /INPUT 4 "b"
    .port_info 2 /INPUT 1 "cin"
    .port_info 3 /OUTPUT 4 "sum"
    .port_info 4 /OUTPUT 1 "ca"
v0x55f038dfe1c0_0 .net "a", 3 0, L_0x55f038e1cb70;  1 drivers
v0x55f038dfe2c0_0 .net "b", 3 0, L_0x55f038e1cc60;  1 drivers
v0x55f038dfe3a0_0 .net "c1", 0 0, L_0x55f038e1ae60;  1 drivers
v0x55f038dfe440_0 .net "c2", 0 0, L_0x55f038e1b580;  1 drivers
v0x55f038dfe530_0 .net "c3", 0 0, L_0x55f038e1be00;  1 drivers
v0x55f038dfe670_0 .net "ca", 0 0, L_0x55f038e1c5f0;  alias, 1 drivers
v0x55f038dfe710_0 .net "cin", 0 0, L_0x55f038e1a260;  alias, 1 drivers
v0x55f038dfe7b0_0 .net "sum", 3 0, L_0x55f038e1cad0;  1 drivers
L_0x55f038e1af70 .part L_0x55f038e1cb70, 0, 1;
L_0x55f038e1b010 .part L_0x55f038e1cc60, 0, 1;
L_0x55f038e1b690 .part L_0x55f038e1cb70, 1, 1;
L_0x55f038e1b7c0 .part L_0x55f038e1cc60, 1, 1;
L_0x55f038e1bf10 .part L_0x55f038e1cb70, 2, 1;
L_0x55f038e1c040 .part L_0x55f038e1cc60, 2, 1;
L_0x55f038e1c700 .part L_0x55f038e1cb70, 3, 1;
L_0x55f038e1c8c0 .part L_0x55f038e1cc60, 3, 1;
L_0x55f038e1cad0 .concat8 [ 1 1 1 1], L_0x55f038e1a990, L_0x55f038e1b1b0, L_0x55f038e1b990, L_0x55f038e1c220;
S_0x55f038dfb280 .scope module, "FA_0" "fullAdder" 8 12, 9 1 0, S_0x55f038dfb060;
 .timescale 0 0;
    .port_info 0 /INPUT 1 "a"
    .port_info 1 /INPUT 1 "b"
    .port_info 2 /INPUT 1 "cin"
    .port_info 3 /OUTPUT 1 "sum"
    .port_info 4 /OUTPUT 1 "ca"
L_0x55f038e1a920 .functor XOR 1, L_0x55f038e1af70, L_0x55f038e1b010, C4<0>, C4<0>;
L_0x55f038e1a990 .functor XOR 1, L_0x55f038e1a920, L_0x55f038e1a260, C4<0>, C4<0>;
L_0x55f038e1aa50 .functor AND 1, L_0x55f038e1af70, L_0x55f038e1b010, C4<1>, C4<1>;
L_0x55f038e1ab60 .functor AND 1, L_0x55f038e1af70, L_0x55f038e1a260, C4<1>, C4<1>;
L_0x55f038e1abd0 .functor OR 1, L_0x55f038e1aa50, L_0x55f038e1ab60, C4<0>, C4<0>;
L_0x55f038e1ace0 .functor AND 1, L_0x55f038e1b010, L_0x55f038e1a260, C4<1>, C4<1>;
L_0x55f038e1ae60 .functor OR 1, L_0x55f038e1abd0, L_0x55f038e1ace0, C4<0>, C4<0>;
v0x55f038dfb4d0_0 .net *"_s0", 0 0, L_0x55f038e1a920;  1 drivers
v0x55f038dfb5d0_0 .net *"_s10", 0 0, L_0x55f038e1ace0;  1 drivers
v0x55f038dfb6b0_0 .net *"_s4", 0 0, L_0x55f038e1aa50;  1 drivers
v0x55f038dfb770_0 .net *"_s6", 0 0, L_0x55f038e1ab60;  1 drivers
v0x55f038dfb850_0 .net *"_s8", 0 0, L_0x55f038e1abd0;  1 drivers
v0x55f038dfb980_0 .net "a", 0 0, L_0x55f038e1af70;  1 drivers
v0x55f038dfba40_0 .net "b", 0 0, L_0x55f038e1b010;  1 drivers
v0x55f038dfbb00_0 .net "ca", 0 0, L_0x55f038e1ae60;  alias, 1 drivers
v0x55f038dfbbc0_0 .net "cin", 0 0, L_0x55f038e1a260;  alias, 1 drivers
v0x55f038dfbcf0_0 .net "sum", 0 0, L_0x55f038e1a990;  1 drivers
S_0x55f038dfbe50 .scope module, "FA_1" "fullAdder" 8 13, 9 1 0, S_0x55f038dfb060;
 .timescale 0 0;
    .port_info 0 /INPUT 1 "a"
    .port_info 1 /INPUT 1 "b"
    .port_info 2 /INPUT 1 "cin"
    .port_info 3 /OUTPUT 1 "sum"
    .port_info 4 /OUTPUT 1 "ca"
L_0x55f038e1b140 .functor XOR 1, L_0x55f038e1b690, L_0x55f038e1b7c0, C4<0>, C4<0>;
L_0x55f038e1b1b0 .functor XOR 1, L_0x55f038e1b140, L_0x55f038e1ae60, C4<0>, C4<0>;
L_0x55f038e1b2b0 .functor AND 1, L_0x55f038e1b690, L_0x55f038e1b7c0, C4<1>, C4<1>;
L_0x55f038e1b320 .functor AND 1, L_0x55f038e1b690, L_0x55f038e1ae60, C4<1>, C4<1>;
L_0x55f038e1b3c0 .functor OR 1, L_0x55f038e1b2b0, L_0x55f038e1b320, C4<0>, C4<0>;
L_0x55f038e1b4d0 .functor AND 1, L_0x55f038e1b7c0, L_0x55f038e1ae60, C4<1>, C4<1>;
L_0x55f038e1b580 .functor OR 1, L_0x55f038e1b3c0, L_0x55f038e1b4d0, C4<0>, C4<0>;
v0x55f038dfc0c0_0 .net *"_s0", 0 0, L_0x55f038e1b140;  1 drivers
v0x55f038dfc1a0_0 .net *"_s10", 0 0, L_0x55f038e1b4d0;  1 drivers
v0x55f038dfc280_0 .net *"_s4", 0 0, L_0x55f038e1b2b0;  1 drivers
v0x55f038dfc340_0 .net *"_s6", 0 0, L_0x55f038e1b320;  1 drivers
v0x55f038dfc420_0 .net *"_s8", 0 0, L_0x55f038e1b3c0;  1 drivers
v0x55f038dfc550_0 .net "a", 0 0, L_0x55f038e1b690;  1 drivers
v0x55f038dfc610_0 .net "b", 0 0, L_0x55f038e1b7c0;  1 drivers
v0x55f038dfc6d0_0 .net "ca", 0 0, L_0x55f038e1b580;  alias, 1 drivers
v0x55f038dfc790_0 .net "cin", 0 0, L_0x55f038e1ae60;  alias, 1 drivers
v0x55f038dfc8c0_0 .net "sum", 0 0, L_0x55f038e1b1b0;  1 drivers
S_0x55f038dfca30 .scope module, "FA_2" "fullAdder" 8 14, 9 1 0, S_0x55f038dfb060;
 .timescale 0 0;
    .port_info 0 /INPUT 1 "a"
    .port_info 1 /INPUT 1 "b"
    .port_info 2 /INPUT 1 "cin"
    .port_info 3 /OUTPUT 1 "sum"
    .port_info 4 /OUTPUT 1 "ca"
L_0x55f038e1b920 .functor XOR 1, L_0x55f038e1bf10, L_0x55f038e1c040, C4<0>, C4<0>;
L_0x55f038e1b990 .functor XOR 1, L_0x55f038e1b920, L_0x55f038e1b580, C4<0>, C4<0>;
L_0x55f038e1bae0 .functor AND 1, L_0x55f038e1bf10, L_0x55f038e1c040, C4<1>, C4<1>;
L_0x55f038e1bba0 .functor AND 1, L_0x55f038e1bf10, L_0x55f038e1b580, C4<1>, C4<1>;
L_0x55f038e1bc40 .functor OR 1, L_0x55f038e1bae0, L_0x55f038e1bba0, C4<0>, C4<0>;
L_0x55f038e1bd50 .functor AND 1, L_0x55f038e1c040, L_0x55f038e1b580, C4<1>, C4<1>;
L_0x55f038e1be00 .functor OR 1, L_0x55f038e1bc40, L_0x55f038e1bd50, C4<0>, C4<0>;
v0x55f038dfcc60_0 .net *"_s0", 0 0, L_0x55f038e1b920;  1 drivers
v0x55f038dfcd40_0 .net *"_s10", 0 0, L_0x55f038e1bd50;  1 drivers
v0x55f038dfce20_0 .net *"_s4", 0 0, L_0x55f038e1bae0;  1 drivers
v0x55f038dfcf10_0 .net *"_s6", 0 0, L_0x55f038e1bba0;  1 drivers
v0x55f038dfcff0_0 .net *"_s8", 0 0, L_0x55f038e1bc40;  1 drivers
v0x55f038dfd120_0 .net "a", 0 0, L_0x55f038e1bf10;  1 drivers
v0x55f038dfd1e0_0 .net "b", 0 0, L_0x55f038e1c040;  1 drivers
v0x55f038dfd2a0_0 .net "ca", 0 0, L_0x55f038e1be00;  alias, 1 drivers
v0x55f038dfd360_0 .net "cin", 0 0, L_0x55f038e1b580;  alias, 1 drivers
v0x55f038dfd490_0 .net "sum", 0 0, L_0x55f038e1b990;  1 drivers
S_0x55f038dfd600 .scope module, "FA_3" "fullAdder" 8 15, 9 1 0, S_0x55f038dfb060;
 .timescale 0 0;
    .port_info 0 /INPUT 1 "a"
    .port_info 1 /INPUT 1 "b"
    .port_info 2 /INPUT 1 "cin"
    .port_info 3 /OUTPUT 1 "sum"
    .port_info 4 /OUTPUT 1 "ca"
L_0x55f038e1c1b0 .functor XOR 1, L_0x55f038e1c700, L_0x55f038e1c8c0, C4<0>, C4<0>;
L_0x55f038e1c220 .functor XOR 1, L_0x55f038e1c1b0, L_0x55f038e1be00, C4<0>, C4<0>;
L_0x55f038e1c320 .functor AND 1, L_0x55f038e1c700, L_0x55f038e1c8c0, C4<1>, C4<1>;
L_0x55f038e1c390 .functor AND 1, L_0x55f038e1c700, L_0x55f038e1be00, C4<1>, C4<1>;
L_0x55f038e1c430 .functor OR 1, L_0x55f038e1c320, L_0x55f038e1c390, C4<0>, C4<0>;
L_0x55f038e1c540 .functor AND 1, L_0x55f038e1c8c0, L_0x55f038e1be00, C4<1>, C4<1>;
L_0x55f038e1c5f0 .functor OR 1, L_0x55f038e1c430, L_0x55f038e1c540, C4<0>, C4<0>;
v0x55f038dfd800_0 .net *"_s0", 0 0, L_0x55f038e1c1b0;  1 drivers
v0x55f038dfd900_0 .net *"_s10", 0 0, L_0x55f038e1c540;  1 drivers
v0x55f038dfd9e0_0 .net *"_s4", 0 0, L_0x55f038e1c320;  1 drivers
v0x55f038dfdad0_0 .net *"_s6", 0 0, L_0x55f038e1c390;  1 drivers
v0x55f038dfdbb0_0 .net *"_s8", 0 0, L_0x55f038e1c430;  1 drivers
v0x55f038dfdce0_0 .net "a", 0 0, L_0x55f038e1c700;  1 drivers
v0x55f038dfdda0_0 .net "b", 0 0, L_0x55f038e1c8c0;  1 drivers
v0x55f038dfde60_0 .net "ca", 0 0, L_0x55f038e1c5f0;  alias, 1 drivers
v0x55f038dfdf20_0 .net "cin", 0 0, L_0x55f038e1be00;  alias, 1 drivers
v0x55f038dfe050_0 .net "sum", 0 0, L_0x55f038e1c220;  1 drivers
S_0x55f038dff460 .scope module, "TA_1" "sixteenBitAdder" 5 14, 6 3 0, S_0x55f038de4cb0;
 .timescale 0 0;
    .port_info 0 /INPUT 16 "a"
    .port_info 1 /INPUT 16 "b"
    .port_info 2 /INPUT 1 "cin"
    .port_info 3 /OUTPUT 16 "sum"
    .port_info 4 /OUTPUT 1 "ca"
v0x55f038e0ebf0_0 .net "a", 15 0, L_0x55f038e26780;  1 drivers
v0x55f038e0ecf0_0 .net "b", 15 0, L_0x55f038e268b0;  1 drivers
v0x55f038e0edd0_0 .net "c1", 0 0, L_0x55f038e211e0;  1 drivers
v0x55f038e0ee70_0 .net "ca", 0 0, L_0x55f038e25bc0;  alias, 1 drivers
v0x55f038e0ef10_0 .net "cin", 0 0, L_0x55f038e1c5f0;  alias, 1 drivers
v0x55f038e0efb0_0 .net "sum", 15 0, L_0x55f038e26640;  1 drivers
L_0x55f038e21a80 .part L_0x55f038e26780, 0, 8;
L_0x55f038e21b20 .part L_0x55f038e268b0, 0, 8;
L_0x55f038e26460 .part L_0x55f038e26780, 8, 8;
L_0x55f038e26550 .part L_0x55f038e268b0, 8, 8;
L_0x55f038e26640 .concat8 [ 8 8 0 0], L_0x55f038e21940, L_0x55f038e26320;
S_0x55f038dff6d0 .scope module, "SA_0" "eightBitAdder" 6 12, 7 3 0, S_0x55f038dff460;
 .timescale 0 0;
    .port_info 0 /INPUT 8 "a"
    .port_info 1 /INPUT 8 "b"
    .port_info 2 /INPUT 1 "cin"
    .port_info 3 /OUTPUT 8 "sum"
    .port_info 4 /OUTPUT 1 "ca"
v0x55f038e06b50_0 .net "a", 7 0, L_0x55f038e21a80;  1 drivers
v0x55f038e06c50_0 .net "b", 7 0, L_0x55f038e21b20;  1 drivers
v0x55f038e06d30_0 .net "ca", 0 0, L_0x55f038e211e0;  alias, 1 drivers
v0x55f038e06e20_0 .net "cin", 0 0, L_0x55f038e1c5f0;  alias, 1 drivers
v0x55f038e06ec0_0 .net "sum", 7 0, L_0x55f038e21940;  1 drivers
v0x55f038e06fd0_0 .net "w", 0 0, L_0x55f038e1ee80;  1 drivers
L_0x55f038e1f400 .part L_0x55f038e21a80, 0, 4;
L_0x55f038e1f4a0 .part L_0x55f038e21b20, 0, 4;
L_0x55f038e21760 .part L_0x55f038e21a80, 4, 4;
L_0x55f038e21850 .part L_0x55f038e21b20, 4, 4;
L_0x55f038e21940 .concat8 [ 4 4 0 0], L_0x55f038e1f360, L_0x55f038e216c0;
S_0x55f038dff920 .scope module, "EA_0" "fourBitAdder" 7 13, 8 3 0, S_0x55f038dff6d0;
 .timescale 0 0;
    .port_info 0 /INPUT 4 "a"
    .port_info 1 /INPUT 4 "b"
    .port_info 2 /INPUT 1 "cin"
    .port_info 3 /OUTPUT 4 "sum"
    .port_info 4 /OUTPUT 1 "ca"
v0x55f038e02b40_0 .net "a", 3 0, L_0x55f038e1f400;  1 drivers
v0x55f038e02c40_0 .net "b", 3 0, L_0x55f038e1f4a0;  1 drivers
v0x55f038e02d20_0 .net "c1", 0 0, L_0x55f038e1d720;  1 drivers
v0x55f038e02dc0_0 .net "c2", 0 0, L_0x55f038e1dea0;  1 drivers
v0x55f038e02eb0_0 .net "c3", 0 0, L_0x55f038e1e6c0;  1 drivers
v0x55f038e02ff0_0 .net "ca", 0 0, L_0x55f038e1ee80;  alias, 1 drivers
v0x55f038e03090_0 .net "cin", 0 0, L_0x55f038e1c5f0;  alias, 1 drivers
v0x55f038e03130_0 .net "sum", 3 0, L_0x55f038e1f360;  1 drivers
L_0x55f038e1d830 .part L_0x55f038e1f400, 0, 1;
L_0x55f038e1d960 .part L_0x55f038e1f4a0, 0, 1;
L_0x55f038e1dfb0 .part L_0x55f038e1f400, 1, 1;
L_0x55f038e1e0e0 .part L_0x55f038e1f4a0, 1, 1;
L_0x55f038e1e7d0 .part L_0x55f038e1f400, 2, 1;
L_0x55f038e1e900 .part L_0x55f038e1f4a0, 2, 1;
L_0x55f038e1ef90 .part L_0x55f038e1f400, 3, 1;
L_0x55f038e1f150 .part L_0x55f038e1f4a0, 3, 1;
L_0x55f038e1f360 .concat8 [ 1 1 1 1], L_0x55f038e1d360, L_0x55f038e1db00, L_0x55f038e1e280, L_0x55f038e1eae0;
S_0x55f038dffb90 .scope module, "FA_0" "fullAdder" 8 12, 9 1 0, S_0x55f038dff920;
 .timescale 0 0;
    .port_info 0 /INPUT 1 "a"
    .port_info 1 /INPUT 1 "b"
    .port_info 2 /INPUT 1 "cin"
    .port_info 3 /OUTPUT 1 "sum"
    .port_info 4 /OUTPUT 1 "ca"
L_0x55f038e1d2f0 .functor XOR 1, L_0x55f038e1d830, L_0x55f038e1d960, C4<0>, C4<0>;
L_0x55f038e1d360 .functor XOR 1, L_0x55f038e1d2f0, L_0x55f038e1c5f0, C4<0>, C4<0>;
L_0x55f038e1d420 .functor AND 1, L_0x55f038e1d830, L_0x55f038e1d960, C4<1>, C4<1>;
L_0x55f038e1d530 .functor AND 1, L_0x55f038e1d830, L_0x55f038e1c5f0, C4<1>, C4<1>;
L_0x55f038e1d5a0 .functor OR 1, L_0x55f038e1d420, L_0x55f038e1d530, C4<0>, C4<0>;
L_0x55f038e1d6b0 .functor AND 1, L_0x55f038e1d960, L_0x55f038e1c5f0, C4<1>, C4<1>;
L_0x55f038e1d720 .functor OR 1, L_0x55f038e1d5a0, L_0x55f038e1d6b0, C4<0>, C4<0>;
v0x55f038dffe00_0 .net *"_s0", 0 0, L_0x55f038e1d2f0;  1 drivers
v0x55f038dfff00_0 .net *"_s10", 0 0, L_0x55f038e1d6b0;  1 drivers
v0x55f038dfffe0_0 .net *"_s4", 0 0, L_0x55f038e1d420;  1 drivers
v0x55f038e000d0_0 .net *"_s6", 0 0, L_0x55f038e1d530;  1 drivers
v0x55f038e001b0_0 .net *"_s8", 0 0, L_0x55f038e1d5a0;  1 drivers
v0x55f038e002e0_0 .net "a", 0 0, L_0x55f038e1d830;  1 drivers
v0x55f038e003a0_0 .net "b", 0 0, L_0x55f038e1d960;  1 drivers
v0x55f038e00460_0 .net "ca", 0 0, L_0x55f038e1d720;  alias, 1 drivers
v0x55f038e00520_0 .net "cin", 0 0, L_0x55f038e1c5f0;  alias, 1 drivers
v0x55f038e006e0_0 .net "sum", 0 0, L_0x55f038e1d360;  1 drivers
S_0x55f038e00840 .scope module, "FA_1" "fullAdder" 8 13, 9 1 0, S_0x55f038dff920;
 .timescale 0 0;
    .port_info 0 /INPUT 1 "a"
    .port_info 1 /INPUT 1 "b"
    .port_info 2 /INPUT 1 "cin"
    .port_info 3 /OUTPUT 1 "sum"
    .port_info 4 /OUTPUT 1 "ca"
L_0x55f038e1da90 .functor XOR 1, L_0x55f038e1dfb0, L_0x55f038e1e0e0, C4<0>, C4<0>;
L_0x55f038e1db00 .functor XOR 1, L_0x55f038e1da90, L_0x55f038e1d720, C4<0>, C4<0>;
L_0x55f038e1dc00 .functor AND 1, L_0x55f038e1dfb0, L_0x55f038e1e0e0, C4<1>, C4<1>;
L_0x55f038e1dc70 .functor AND 1, L_0x55f038e1dfb0, L_0x55f038e1d720, C4<1>, C4<1>;
L_0x55f038e1dce0 .functor OR 1, L_0x55f038e1dc00, L_0x55f038e1dc70, C4<0>, C4<0>;
L_0x55f038e1ddf0 .functor AND 1, L_0x55f038e1e0e0, L_0x55f038e1d720, C4<1>, C4<1>;
L_0x55f038e1dea0 .functor OR 1, L_0x55f038e1dce0, L_0x55f038e1ddf0, C4<0>, C4<0>;
v0x55f038e00a60_0 .net *"_s0", 0 0, L_0x55f038e1da90;  1 drivers
v0x55f038e00b40_0 .net *"_s10", 0 0, L_0x55f038e1ddf0;  1 drivers
v0x55f038e00c20_0 .net *"_s4", 0 0, L_0x55f038e1dc00;  1 drivers
v0x55f038e00d10_0 .net *"_s6", 0 0, L_0x55f038e1dc70;  1 drivers
v0x55f038e00df0_0 .net *"_s8", 0 0, L_0x55f038e1dce0;  1 drivers
v0x55f038e00ed0_0 .net "a", 0 0, L_0x55f038e1dfb0;  1 drivers
v0x55f038e00f90_0 .net "b", 0 0, L_0x55f038e1e0e0;  1 drivers
v0x55f038e01050_0 .net "ca", 0 0, L_0x55f038e1dea0;  alias, 1 drivers
v0x55f038e01110_0 .net "cin", 0 0, L_0x55f038e1d720;  alias, 1 drivers
v0x55f038e01240_0 .net "sum", 0 0, L_0x55f038e1db00;  1 drivers
S_0x55f038e013b0 .scope module, "FA_2" "fullAdder" 8 14, 9 1 0, S_0x55f038dff920;
 .timescale 0 0;
    .port_info 0 /INPUT 1 "a"
    .port_info 1 /INPUT 1 "b"
    .port_info 2 /INPUT 1 "cin"
    .port_info 3 /OUTPUT 1 "sum"
    .port_info 4 /OUTPUT 1 "ca"
L_0x55f038e1e210 .functor XOR 1, L_0x55f038e1e7d0, L_0x55f038e1e900, C4<0>, C4<0>;
L_0x55f038e1e280 .functor XOR 1, L_0x55f038e1e210, L_0x55f038e1dea0, C4<0>, C4<0>;
L_0x55f038e1e3d0 .functor AND 1, L_0x55f038e1e7d0, L_0x55f038e1e900, C4<1>, C4<1>;
L_0x55f038e1e490 .functor AND 1, L_0x55f038e1e7d0, L_0x55f038e1dea0, C4<1>, C4<1>;
L_0x55f038e1e500 .functor OR 1, L_0x55f038e1e3d0, L_0x55f038e1e490, C4<0>, C4<0>;
L_0x55f038e1e610 .functor AND 1, L_0x55f038e1e900, L_0x55f038e1dea0, C4<1>, C4<1>;
L_0x55f038e1e6c0 .functor OR 1, L_0x55f038e1e500, L_0x55f038e1e610, C4<0>, C4<0>;
v0x55f038e015e0_0 .net *"_s0", 0 0, L_0x55f038e1e210;  1 drivers
v0x55f038e016c0_0 .net *"_s10", 0 0, L_0x55f038e1e610;  1 drivers
v0x55f038e017a0_0 .net *"_s4", 0 0, L_0x55f038e1e3d0;  1 drivers
v0x55f038e01890_0 .net *"_s6", 0 0, L_0x55f038e1e490;  1 drivers
v0x55f038e01970_0 .net *"_s8", 0 0, L_0x55f038e1e500;  1 drivers
v0x55f038e01aa0_0 .net "a", 0 0, L_0x55f038e1e7d0;  1 drivers
v0x55f038e01b60_0 .net "b", 0 0, L_0x55f038e1e900;  1 drivers
v0x55f038e01c20_0 .net "ca", 0 0, L_0x55f038e1e6c0;  alias, 1 drivers
v0x55f038e01ce0_0 .net "cin", 0 0, L_0x55f038e1dea0;  alias, 1 drivers
v0x55f038e01e10_0 .net "sum", 0 0, L_0x55f038e1e280;  1 drivers
S_0x55f038e01f80 .scope module, "FA_3" "fullAdder" 8 15, 9 1 0, S_0x55f038dff920;
 .timescale 0 0;
    .port_info 0 /INPUT 1 "a"
    .port_info 1 /INPUT 1 "b"
    .port_info 2 /INPUT 1 "cin"
    .port_info 3 /OUTPUT 1 "sum"
    .port_info 4 /OUTPUT 1 "ca"
L_0x55f038e1ea70 .functor XOR 1, L_0x55f038e1ef90, L_0x55f038e1f150, C4<0>, C4<0>;
L_0x55f038e1eae0 .functor XOR 1, L_0x55f038e1ea70, L_0x55f038e1e6c0, C4<0>, C4<0>;
L_0x55f038e1ebe0 .functor AND 1, L_0x55f038e1ef90, L_0x55f038e1f150, C4<1>, C4<1>;
L_0x55f038e1ec50 .functor AND 1, L_0x55f038e1ef90, L_0x55f038e1e6c0, C4<1>, C4<1>;
L_0x55f038e1ecc0 .functor OR 1, L_0x55f038e1ebe0, L_0x55f038e1ec50, C4<0>, C4<0>;
L_0x55f038e1edd0 .functor AND 1, L_0x55f038e1f150, L_0x55f038e1e6c0, C4<1>, C4<1>;
L_0x55f038e1ee80 .functor OR 1, L_0x55f038e1ecc0, L_0x55f038e1edd0, C4<0>, C4<0>;
v0x55f038e02180_0 .net *"_s0", 0 0, L_0x55f038e1ea70;  1 drivers
v0x55f038e02280_0 .net *"_s10", 0 0, L_0x55f038e1edd0;  1 drivers
v0x55f038e02360_0 .net *"_s4", 0 0, L_0x55f038e1ebe0;  1 drivers
v0x55f038e02450_0 .net *"_s6", 0 0, L_0x55f038e1ec50;  1 drivers
v0x55f038e02530_0 .net *"_s8", 0 0, L_0x55f038e1ecc0;  1 drivers
v0x55f038e02660_0 .net "a", 0 0, L_0x55f038e1ef90;  1 drivers
v0x55f038e02720_0 .net "b", 0 0, L_0x55f038e1f150;  1 drivers
v0x55f038e027e0_0 .net "ca", 0 0, L_0x55f038e1ee80;  alias, 1 drivers
v0x55f038e028a0_0 .net "cin", 0 0, L_0x55f038e1e6c0;  alias, 1 drivers
v0x55f038e029d0_0 .net "sum", 0 0, L_0x55f038e1eae0;  1 drivers
S_0x55f038e03270 .scope module, "EA_1" "fourBitAdder" 7 14, 8 3 0, S_0x55f038dff6d0;
 .timescale 0 0;
    .port_info 0 /INPUT 4 "a"
    .port_info 1 /INPUT 4 "b"
    .port_info 2 /INPUT 1 "cin"
    .port_info 3 /OUTPUT 4 "sum"
    .port_info 4 /OUTPUT 1 "ca"
v0x55f038e06420_0 .net "a", 3 0, L_0x55f038e21760;  1 drivers
v0x55f038e06520_0 .net "b", 3 0, L_0x55f038e21850;  1 drivers
v0x55f038e06600_0 .net "c1", 0 0, L_0x55f038e1fa80;  1 drivers
v0x55f038e066a0_0 .net "c2", 0 0, L_0x55f038e201a0;  1 drivers
v0x55f038e06790_0 .net "c3", 0 0, L_0x55f038e20a20;  1 drivers
v0x55f038e068d0_0 .net "ca", 0 0, L_0x55f038e211e0;  alias, 1 drivers
v0x55f038e06970_0 .net "cin", 0 0, L_0x55f038e1ee80;  alias, 1 drivers
v0x55f038e06a10_0 .net "sum", 3 0, L_0x55f038e216c0;  1 drivers
L_0x55f038e1fb90 .part L_0x55f038e21760, 0, 1;
L_0x55f038e1fc30 .part L_0x55f038e21850, 0, 1;
L_0x55f038e202b0 .part L_0x55f038e21760, 1, 1;
L_0x55f038e203e0 .part L_0x55f038e21850, 1, 1;
L_0x55f038e20b30 .part L_0x55f038e21760, 2, 1;
L_0x55f038e20c60 .part L_0x55f038e21850, 2, 1;
L_0x55f038e212f0 .part L_0x55f038e21760, 3, 1;
L_0x55f038e214b0 .part L_0x55f038e21850, 3, 1;
L_0x55f038e216c0 .concat8 [ 1 1 1 1], L_0x55f038e1f5b0, L_0x55f038e1fdd0, L_0x55f038e205b0, L_0x55f038e20e40;
S_0x55f038e034e0 .scope module, "FA_0" "fullAdder" 8 12, 9 1 0, S_0x55f038e03270;
 .timescale 0 0;
    .port_info 0 /INPUT 1 "a"
    .port_info 1 /INPUT 1 "b"
    .port_info 2 /INPUT 1 "cin"
    .port_info 3 /OUTPUT 1 "sum"
    .port_info 4 /OUTPUT 1 "ca"
L_0x55f038e1f540 .functor XOR 1, L_0x55f038e1fb90, L_0x55f038e1fc30, C4<0>, C4<0>;
L_0x55f038e1f5b0 .functor XOR 1, L_0x55f038e1f540, L_0x55f038e1ee80, C4<0>, C4<0>;
L_0x55f038e1f670 .functor AND 1, L_0x55f038e1fb90, L_0x55f038e1fc30, C4<1>, C4<1>;
L_0x55f038e1f780 .functor AND 1, L_0x55f038e1fb90, L_0x55f038e1ee80, C4<1>, C4<1>;
L_0x55f038e1f7f0 .functor OR 1, L_0x55f038e1f670, L_0x55f038e1f780, C4<0>, C4<0>;
L_0x55f038e1f900 .functor AND 1, L_0x55f038e1fc30, L_0x55f038e1ee80, C4<1>, C4<1>;
L_0x55f038e1fa80 .functor OR 1, L_0x55f038e1f7f0, L_0x55f038e1f900, C4<0>, C4<0>;
v0x55f038e03730_0 .net *"_s0", 0 0, L_0x55f038e1f540;  1 drivers
v0x55f038e03830_0 .net *"_s10", 0 0, L_0x55f038e1f900;  1 drivers
v0x55f038e03910_0 .net *"_s4", 0 0, L_0x55f038e1f670;  1 drivers
v0x55f038e039d0_0 .net *"_s6", 0 0, L_0x55f038e1f780;  1 drivers
v0x55f038e03ab0_0 .net *"_s8", 0 0, L_0x55f038e1f7f0;  1 drivers
v0x55f038e03be0_0 .net "a", 0 0, L_0x55f038e1fb90;  1 drivers
v0x55f038e03ca0_0 .net "b", 0 0, L_0x55f038e1fc30;  1 drivers
v0x55f038e03d60_0 .net "ca", 0 0, L_0x55f038e1fa80;  alias, 1 drivers
v0x55f038e03e20_0 .net "cin", 0 0, L_0x55f038e1ee80;  alias, 1 drivers
v0x55f038e03f50_0 .net "sum", 0 0, L_0x55f038e1f5b0;  1 drivers
S_0x55f038e040b0 .scope module, "FA_1" "fullAdder" 8 13, 9 1 0, S_0x55f038e03270;
 .timescale 0 0;
    .port_info 0 /INPUT 1 "a"
    .port_info 1 /INPUT 1 "b"
    .port_info 2 /INPUT 1 "cin"
    .port_info 3 /OUTPUT 1 "sum"
    .port_info 4 /OUTPUT 1 "ca"
L_0x55f038e1fd60 .functor XOR 1, L_0x55f038e202b0, L_0x55f038e203e0, C4<0>, C4<0>;
L_0x55f038e1fdd0 .functor XOR 1, L_0x55f038e1fd60, L_0x55f038e1fa80, C4<0>, C4<0>;
L_0x55f038e1fed0 .functor AND 1, L_0x55f038e202b0, L_0x55f038e203e0, C4<1>, C4<1>;
L_0x55f038e1ff40 .functor AND 1, L_0x55f038e202b0, L_0x55f038e1fa80, C4<1>, C4<1>;
L_0x55f038e1ffe0 .functor OR 1, L_0x55f038e1fed0, L_0x55f038e1ff40, C4<0>, C4<0>;
L_0x55f038e200f0 .functor AND 1, L_0x55f038e203e0, L_0x55f038e1fa80, C4<1>, C4<1>;
L_0x55f038e201a0 .functor OR 1, L_0x55f038e1ffe0, L_0x55f038e200f0, C4<0>, C4<0>;
v0x55f038e04320_0 .net *"_s0", 0 0, L_0x55f038e1fd60;  1 drivers
v0x55f038e04400_0 .net *"_s10", 0 0, L_0x55f038e200f0;  1 drivers
v0x55f038e044e0_0 .net *"_s4", 0 0, L_0x55f038e1fed0;  1 drivers
v0x55f038e045a0_0 .net *"_s6", 0 0, L_0x55f038e1ff40;  1 drivers
v0x55f038e04680_0 .net *"_s8", 0 0, L_0x55f038e1ffe0;  1 drivers
v0x55f038e047b0_0 .net "a", 0 0, L_0x55f038e202b0;  1 drivers
v0x55f038e04870_0 .net "b", 0 0, L_0x55f038e203e0;  1 drivers
v0x55f038e04930_0 .net "ca", 0 0, L_0x55f038e201a0;  alias, 1 drivers
v0x55f038e049f0_0 .net "cin", 0 0, L_0x55f038e1fa80;  alias, 1 drivers
v0x55f038e04b20_0 .net "sum", 0 0, L_0x55f038e1fdd0;  1 drivers
S_0x55f038e04c90 .scope module, "FA_2" "fullAdder" 8 14, 9 1 0, S_0x55f038e03270;
 .timescale 0 0;
    .port_info 0 /INPUT 1 "a"
    .port_info 1 /INPUT 1 "b"
    .port_info 2 /INPUT 1 "cin"
    .port_info 3 /OUTPUT 1 "sum"
    .port_info 4 /OUTPUT 1 "ca"
L_0x55f038e20540 .functor XOR 1, L_0x55f038e20b30, L_0x55f038e20c60, C4<0>, C4<0>;
L_0x55f038e205b0 .functor XOR 1, L_0x55f038e20540, L_0x55f038e201a0, C4<0>, C4<0>;
L_0x55f038e20700 .functor AND 1, L_0x55f038e20b30, L_0x55f038e20c60, C4<1>, C4<1>;
L_0x55f038e207c0 .functor AND 1, L_0x55f038e20b30, L_0x55f038e201a0, C4<1>, C4<1>;
L_0x55f038e20860 .functor OR 1, L_0x55f038e20700, L_0x55f038e207c0, C4<0>, C4<0>;
L_0x55f038e20970 .functor AND 1, L_0x55f038e20c60, L_0x55f038e201a0, C4<1>, C4<1>;
L_0x55f038e20a20 .functor OR 1, L_0x55f038e20860, L_0x55f038e20970, C4<0>, C4<0>;
v0x55f038e04ec0_0 .net *"_s0", 0 0, L_0x55f038e20540;  1 drivers
v0x55f038e04fa0_0 .net *"_s10", 0 0, L_0x55f038e20970;  1 drivers
v0x55f038e05080_0 .net *"_s4", 0 0, L_0x55f038e20700;  1 drivers
v0x55f038e05170_0 .net *"_s6", 0 0, L_0x55f038e207c0;  1 drivers
v0x55f038e05250_0 .net *"_s8", 0 0, L_0x55f038e20860;  1 drivers
v0x55f038e05380_0 .net "a", 0 0, L_0x55f038e20b30;  1 drivers
v0x55f038e05440_0 .net "b", 0 0, L_0x55f038e20c60;  1 drivers
v0x55f038e05500_0 .net "ca", 0 0, L_0x55f038e20a20;  alias, 1 drivers
v0x55f038e055c0_0 .net "cin", 0 0, L_0x55f038e201a0;  alias, 1 drivers
v0x55f038e056f0_0 .net "sum", 0 0, L_0x55f038e205b0;  1 drivers
S_0x55f038e05860 .scope module, "FA_3" "fullAdder" 8 15, 9 1 0, S_0x55f038e03270;
 .timescale 0 0;
    .port_info 0 /INPUT 1 "a"
    .port_info 1 /INPUT 1 "b"
    .port_info 2 /INPUT 1 "cin"
    .port_info 3 /OUTPUT 1 "sum"
    .port_info 4 /OUTPUT 1 "ca"
L_0x55f038e20dd0 .functor XOR 1, L_0x55f038e212f0, L_0x55f038e214b0, C4<0>, C4<0>;
L_0x55f038e20e40 .functor XOR 1, L_0x55f038e20dd0, L_0x55f038e20a20, C4<0>, C4<0>;
L_0x55f038e20f40 .functor AND 1, L_0x55f038e212f0, L_0x55f038e214b0, C4<1>, C4<1>;
L_0x55f038e20fb0 .functor AND 1, L_0x55f038e212f0, L_0x55f038e20a20, C4<1>, C4<1>;
L_0x55f038e21020 .functor OR 1, L_0x55f038e20f40, L_0x55f038e20fb0, C4<0>, C4<0>;
L_0x55f038e21130 .functor AND 1, L_0x55f038e214b0, L_0x55f038e20a20, C4<1>, C4<1>;
L_0x55f038e211e0 .functor OR 1, L_0x55f038e21020, L_0x55f038e21130, C4<0>, C4<0>;
v0x55f038e05a60_0 .net *"_s0", 0 0, L_0x55f038e20dd0;  1 drivers
v0x55f038e05b60_0 .net *"_s10", 0 0, L_0x55f038e21130;  1 drivers
v0x55f038e05c40_0 .net *"_s4", 0 0, L_0x55f038e20f40;  1 drivers
v0x55f038e05d30_0 .net *"_s6", 0 0, L_0x55f038e20fb0;  1 drivers
v0x55f038e05e10_0 .net *"_s8", 0 0, L_0x55f038e21020;  1 drivers
v0x55f038e05f40_0 .net "a", 0 0, L_0x55f038e212f0;  1 drivers
v0x55f038e06000_0 .net "b", 0 0, L_0x55f038e214b0;  1 drivers
v0x55f038e060c0_0 .net "ca", 0 0, L_0x55f038e211e0;  alias, 1 drivers
v0x55f038e06180_0 .net "cin", 0 0, L_0x55f038e20a20;  alias, 1 drivers
v0x55f038e062b0_0 .net "sum", 0 0, L_0x55f038e20e40;  1 drivers
S_0x55f038e071a0 .scope module, "SA_1" "eightBitAdder" 6 13, 7 3 0, S_0x55f038dff460;
 .timescale 0 0;
    .port_info 0 /INPUT 8 "a"
    .port_info 1 /INPUT 8 "b"
    .port_info 2 /INPUT 1 "cin"
    .port_info 3 /OUTPUT 8 "sum"
    .port_info 4 /OUTPUT 1 "ca"
v0x55f038e0e5a0_0 .net "a", 7 0, L_0x55f038e26460;  1 drivers
v0x55f038e0e6a0_0 .net "b", 7 0, L_0x55f038e26550;  1 drivers
v0x55f038e0e780_0 .net "ca", 0 0, L_0x55f038e25bc0;  alias, 1 drivers
v0x55f038e0e870_0 .net "cin", 0 0, L_0x55f038e211e0;  alias, 1 drivers
v0x55f038e0e910_0 .net "sum", 7 0, L_0x55f038e26320;  1 drivers
v0x55f038e0ea20_0 .net "w", 0 0, L_0x55f038e23830;  1 drivers
L_0x55f038e23db0 .part L_0x55f038e26460, 0, 4;
L_0x55f038e23e50 .part L_0x55f038e26550, 0, 4;
L_0x55f038e26140 .part L_0x55f038e26460, 4, 4;
L_0x55f038e26230 .part L_0x55f038e26550, 4, 4;
L_0x55f038e26320 .concat8 [ 4 4 0 0], L_0x55f038e23d10, L_0x55f038e260a0;
S_0x55f038e073c0 .scope module, "EA_0" "fourBitAdder" 7 13, 8 3 0, S_0x55f038e071a0;
 .timescale 0 0;
    .port_info 0 /INPUT 4 "a"
    .port_info 1 /INPUT 4 "b"
    .port_info 2 /INPUT 1 "cin"
    .port_info 3 /OUTPUT 4 "sum"
    .port_info 4 /OUTPUT 1 "ca"
v0x55f038e0a550_0 .net "a", 3 0, L_0x55f038e23db0;  1 drivers
v0x55f038e0a650_0 .net "b", 3 0, L_0x55f038e23e50;  1 drivers
v0x55f038e0a730_0 .net "c1", 0 0, L_0x55f038e22100;  1 drivers
v0x55f038e0a7d0_0 .net "c2", 0 0, L_0x55f038e227f0;  1 drivers
v0x55f038e0a8c0_0 .net "c3", 0 0, L_0x55f038e23070;  1 drivers
v0x55f038e0aa00_0 .net "ca", 0 0, L_0x55f038e23830;  alias, 1 drivers
v0x55f038e0aaa0_0 .net "cin", 0 0, L_0x55f038e211e0;  alias, 1 drivers
v0x55f038e0abd0_0 .net "sum", 3 0, L_0x55f038e23d10;  1 drivers
L_0x55f038e22210 .part L_0x55f038e23db0, 0, 1;
L_0x55f038e222b0 .part L_0x55f038e23e50, 0, 1;
L_0x55f038e22900 .part L_0x55f038e23db0, 1, 1;
L_0x55f038e22a30 .part L_0x55f038e23e50, 1, 1;
L_0x55f038e23180 .part L_0x55f038e23db0, 2, 1;
L_0x55f038e232b0 .part L_0x55f038e23e50, 2, 1;
L_0x55f038e23940 .part L_0x55f038e23db0, 3, 1;
L_0x55f038e23b00 .part L_0x55f038e23e50, 3, 1;
L_0x55f038e23d10 .concat8 [ 1 1 1 1], L_0x55f038e21c30, L_0x55f038e22450, L_0x55f038e22c00, L_0x55f038e23490;
S_0x55f038e07610 .scope module, "FA_0" "fullAdder" 8 12, 9 1 0, S_0x55f038e073c0;
 .timescale 0 0;
    .port_info 0 /INPUT 1 "a"
    .port_info 1 /INPUT 1 "b"
    .port_info 2 /INPUT 1 "cin"
    .port_info 3 /OUTPUT 1 "sum"
    .port_info 4 /OUTPUT 1 "ca"
L_0x55f038e21bc0 .functor XOR 1, L_0x55f038e22210, L_0x55f038e222b0, C4<0>, C4<0>;
L_0x55f038e21c30 .functor XOR 1, L_0x55f038e21bc0, L_0x55f038e211e0, C4<0>, C4<0>;
L_0x55f038e21e00 .functor AND 1, L_0x55f038e22210, L_0x55f038e222b0, C4<1>, C4<1>;
L_0x55f038e21f10 .functor AND 1, L_0x55f038e22210, L_0x55f038e211e0, C4<1>, C4<1>;
L_0x55f038e21f80 .functor OR 1, L_0x55f038e21e00, L_0x55f038e21f10, C4<0>, C4<0>;
L_0x55f038e22090 .functor AND 1, L_0x55f038e222b0, L_0x55f038e211e0, C4<1>, C4<1>;
L_0x55f038e22100 .functor OR 1, L_0x55f038e21f80, L_0x55f038e22090, C4<0>, C4<0>;
v0x55f038e07880_0 .net *"_s0", 0 0, L_0x55f038e21bc0;  1 drivers
v0x55f038e07980_0 .net *"_s10", 0 0, L_0x55f038e22090;  1 drivers
v0x55f038e07a60_0 .net *"_s4", 0 0, L_0x55f038e21e00;  1 drivers
v0x55f038e07b20_0 .net *"_s6", 0 0, L_0x55f038e21f10;  1 drivers
v0x55f038e07c00_0 .net *"_s8", 0 0, L_0x55f038e21f80;  1 drivers
v0x55f038e07d30_0 .net "a", 0 0, L_0x55f038e22210;  1 drivers
v0x55f038e07df0_0 .net "b", 0 0, L_0x55f038e222b0;  1 drivers
v0x55f038e07eb0_0 .net "ca", 0 0, L_0x55f038e22100;  alias, 1 drivers
v0x55f038e07f70_0 .net "cin", 0 0, L_0x55f038e211e0;  alias, 1 drivers
v0x55f038e080a0_0 .net "sum", 0 0, L_0x55f038e21c30;  1 drivers
S_0x55f038e08200 .scope module, "FA_1" "fullAdder" 8 13, 9 1 0, S_0x55f038e073c0;
 .timescale 0 0;
    .port_info 0 /INPUT 1 "a"
    .port_info 1 /INPUT 1 "b"
    .port_info 2 /INPUT 1 "cin"
    .port_info 3 /OUTPUT 1 "sum"
    .port_info 4 /OUTPUT 1 "ca"
L_0x55f038e223e0 .functor XOR 1, L_0x55f038e22900, L_0x55f038e22a30, C4<0>, C4<0>;
L_0x55f038e22450 .functor XOR 1, L_0x55f038e223e0, L_0x55f038e22100, C4<0>, C4<0>;
L_0x55f038e22550 .functor AND 1, L_0x55f038e22900, L_0x55f038e22a30, C4<1>, C4<1>;
L_0x55f038e225c0 .functor AND 1, L_0x55f038e22900, L_0x55f038e22100, C4<1>, C4<1>;
L_0x55f038e22630 .functor OR 1, L_0x55f038e22550, L_0x55f038e225c0, C4<0>, C4<0>;
L_0x55f038e22740 .functor AND 1, L_0x55f038e22a30, L_0x55f038e22100, C4<1>, C4<1>;
L_0x55f038e227f0 .functor OR 1, L_0x55f038e22630, L_0x55f038e22740, C4<0>, C4<0>;
v0x55f038e08420_0 .net *"_s0", 0 0, L_0x55f038e223e0;  1 drivers
v0x55f038e08500_0 .net *"_s10", 0 0, L_0x55f038e22740;  1 drivers
v0x55f038e085e0_0 .net *"_s4", 0 0, L_0x55f038e22550;  1 drivers
v0x55f038e086d0_0 .net *"_s6", 0 0, L_0x55f038e225c0;  1 drivers
v0x55f038e087b0_0 .net *"_s8", 0 0, L_0x55f038e22630;  1 drivers
v0x55f038e088e0_0 .net "a", 0 0, L_0x55f038e22900;  1 drivers
v0x55f038e089a0_0 .net "b", 0 0, L_0x55f038e22a30;  1 drivers
v0x55f038e08a60_0 .net "ca", 0 0, L_0x55f038e227f0;  alias, 1 drivers
v0x55f038e08b20_0 .net "cin", 0 0, L_0x55f038e22100;  alias, 1 drivers
v0x55f038e08c50_0 .net "sum", 0 0, L_0x55f038e22450;  1 drivers
S_0x55f038e08dc0 .scope module, "FA_2" "fullAdder" 8 14, 9 1 0, S_0x55f038e073c0;
 .timescale 0 0;
    .port_info 0 /INPUT 1 "a"
    .port_info 1 /INPUT 1 "b"
    .port_info 2 /INPUT 1 "cin"
    .port_info 3 /OUTPUT 1 "sum"
    .port_info 4 /OUTPUT 1 "ca"
L_0x55f038e22b90 .functor XOR 1, L_0x55f038e23180, L_0x55f038e232b0, C4<0>, C4<0>;
L_0x55f038e22c00 .functor XOR 1, L_0x55f038e22b90, L_0x55f038e227f0, C4<0>, C4<0>;
L_0x55f038e22d50 .functor AND 1, L_0x55f038e23180, L_0x55f038e232b0, C4<1>, C4<1>;
L_0x55f038e22e10 .functor AND 1, L_0x55f038e23180, L_0x55f038e227f0, C4<1>, C4<1>;
L_0x55f038e22eb0 .functor OR 1, L_0x55f038e22d50, L_0x55f038e22e10, C4<0>, C4<0>;
L_0x55f038e22fc0 .functor AND 1, L_0x55f038e232b0, L_0x55f038e227f0, C4<1>, C4<1>;
L_0x55f038e23070 .functor OR 1, L_0x55f038e22eb0, L_0x55f038e22fc0, C4<0>, C4<0>;
v0x55f038e08ff0_0 .net *"_s0", 0 0, L_0x55f038e22b90;  1 drivers
v0x55f038e090d0_0 .net *"_s10", 0 0, L_0x55f038e22fc0;  1 drivers
v0x55f038e091b0_0 .net *"_s4", 0 0, L_0x55f038e22d50;  1 drivers
v0x55f038e092a0_0 .net *"_s6", 0 0, L_0x55f038e22e10;  1 drivers
v0x55f038e09380_0 .net *"_s8", 0 0, L_0x55f038e22eb0;  1 drivers
v0x55f038e094b0_0 .net "a", 0 0, L_0x55f038e23180;  1 drivers
v0x55f038e09570_0 .net "b", 0 0, L_0x55f038e232b0;  1 drivers
v0x55f038e09630_0 .net "ca", 0 0, L_0x55f038e23070;  alias, 1 drivers
v0x55f038e096f0_0 .net "cin", 0 0, L_0x55f038e227f0;  alias, 1 drivers
v0x55f038e09820_0 .net "sum", 0 0, L_0x55f038e22c00;  1 drivers
S_0x55f038e09990 .scope module, "FA_3" "fullAdder" 8 15, 9 1 0, S_0x55f038e073c0;
 .timescale 0 0;
    .port_info 0 /INPUT 1 "a"
    .port_info 1 /INPUT 1 "b"
    .port_info 2 /INPUT 1 "cin"
    .port_info 3 /OUTPUT 1 "sum"
    .port_info 4 /OUTPUT 1 "ca"
L_0x55f038e23420 .functor XOR 1, L_0x55f038e23940, L_0x55f038e23b00, C4<0>, C4<0>;
L_0x55f038e23490 .functor XOR 1, L_0x55f038e23420, L_0x55f038e23070, C4<0>, C4<0>;
L_0x55f038e23590 .functor AND 1, L_0x55f038e23940, L_0x55f038e23b00, C4<1>, C4<1>;
L_0x55f038e23600 .functor AND 1, L_0x55f038e23940, L_0x55f038e23070, C4<1>, C4<1>;
L_0x55f038e23670 .functor OR 1, L_0x55f038e23590, L_0x55f038e23600, C4<0>, C4<0>;
L_0x55f038e23780 .functor AND 1, L_0x55f038e23b00, L_0x55f038e23070, C4<1>, C4<1>;
L_0x55f038e23830 .functor OR 1, L_0x55f038e23670, L_0x55f038e23780, C4<0>, C4<0>;
v0x55f038e09b90_0 .net *"_s0", 0 0, L_0x55f038e23420;  1 drivers
v0x55f038e09c90_0 .net *"_s10", 0 0, L_0x55f038e23780;  1 drivers
v0x55f038e09d70_0 .net *"_s4", 0 0, L_0x55f038e23590;  1 drivers
v0x55f038e09e60_0 .net *"_s6", 0 0, L_0x55f038e23600;  1 drivers
v0x55f038e09f40_0 .net *"_s8", 0 0, L_0x55f038e23670;  1 drivers
v0x55f038e0a070_0 .net "a", 0 0, L_0x55f038e23940;  1 drivers
v0x55f038e0a130_0 .net "b", 0 0, L_0x55f038e23b00;  1 drivers
v0x55f038e0a1f0_0 .net "ca", 0 0, L_0x55f038e23830;  alias, 1 drivers
v0x55f038e0a2b0_0 .net "cin", 0 0, L_0x55f038e23070;  alias, 1 drivers
v0x55f038e0a3e0_0 .net "sum", 0 0, L_0x55f038e23490;  1 drivers
S_0x55f038e0ad10 .scope module, "EA_1" "fourBitAdder" 7 14, 8 3 0, S_0x55f038e071a0;
 .timescale 0 0;
    .port_info 0 /INPUT 4 "a"
    .port_info 1 /INPUT 4 "b"
    .port_info 2 /INPUT 1 "cin"
    .port_info 3 /OUTPUT 4 "sum"
    .port_info 4 /OUTPUT 1 "ca"
v0x55f038e0de70_0 .net "a", 3 0, L_0x55f038e26140;  1 drivers
v0x55f038e0df70_0 .net "b", 3 0, L_0x55f038e26230;  1 drivers
v0x55f038e0e050_0 .net "c1", 0 0, L_0x55f038e24430;  1 drivers
v0x55f038e0e0f0_0 .net "c2", 0 0, L_0x55f038e24b50;  1 drivers
v0x55f038e0e1e0_0 .net "c3", 0 0, L_0x55f038e253d0;  1 drivers
v0x55f038e0e320_0 .net "ca", 0 0, L_0x55f038e25bc0;  alias, 1 drivers
v0x55f038e0e3c0_0 .net "cin", 0 0, L_0x55f038e23830;  alias, 1 drivers
v0x55f038e0e460_0 .net "sum", 3 0, L_0x55f038e260a0;  1 drivers
L_0x55f038e24540 .part L_0x55f038e26140, 0, 1;
L_0x55f038e245e0 .part L_0x55f038e26230, 0, 1;
L_0x55f038e24c60 .part L_0x55f038e26140, 1, 1;
L_0x55f038e24d90 .part L_0x55f038e26230, 1, 1;
L_0x55f038e254e0 .part L_0x55f038e26140, 2, 1;
L_0x55f038e25610 .part L_0x55f038e26230, 2, 1;
L_0x55f038e25cd0 .part L_0x55f038e26140, 3, 1;
L_0x55f038e25e90 .part L_0x55f038e26230, 3, 1;
L_0x55f038e260a0 .concat8 [ 1 1 1 1], L_0x55f038e23f60, L_0x55f038e24780, L_0x55f038e24f60, L_0x55f038e257f0;
S_0x55f038e0af30 .scope module, "FA_0" "fullAdder" 8 12, 9 1 0, S_0x55f038e0ad10;
 .timescale 0 0;
    .port_info 0 /INPUT 1 "a"
    .port_info 1 /INPUT 1 "b"
    .port_info 2 /INPUT 1 "cin"
    .port_info 3 /OUTPUT 1 "sum"
    .port_info 4 /OUTPUT 1 "ca"
L_0x55f038e23ef0 .functor XOR 1, L_0x55f038e24540, L_0x55f038e245e0, C4<0>, C4<0>;
L_0x55f038e23f60 .functor XOR 1, L_0x55f038e23ef0, L_0x55f038e23830, C4<0>, C4<0>;
L_0x55f038e24020 .functor AND 1, L_0x55f038e24540, L_0x55f038e245e0, C4<1>, C4<1>;
L_0x55f038e24130 .functor AND 1, L_0x55f038e24540, L_0x55f038e23830, C4<1>, C4<1>;
L_0x55f038e241a0 .functor OR 1, L_0x55f038e24020, L_0x55f038e24130, C4<0>, C4<0>;
L_0x55f038e242b0 .functor AND 1, L_0x55f038e245e0, L_0x55f038e23830, C4<1>, C4<1>;
L_0x55f038e24430 .functor OR 1, L_0x55f038e241a0, L_0x55f038e242b0, C4<0>, C4<0>;
v0x55f038e0b180_0 .net *"_s0", 0 0, L_0x55f038e23ef0;  1 drivers
v0x55f038e0b280_0 .net *"_s10", 0 0, L_0x55f038e242b0;  1 drivers
v0x55f038e0b360_0 .net *"_s4", 0 0, L_0x55f038e24020;  1 drivers
v0x55f038e0b420_0 .net *"_s6", 0 0, L_0x55f038e24130;  1 drivers
v0x55f038e0b500_0 .net *"_s8", 0 0, L_0x55f038e241a0;  1 drivers
v0x55f038e0b630_0 .net "a", 0 0, L_0x55f038e24540;  1 drivers
v0x55f038e0b6f0_0 .net "b", 0 0, L_0x55f038e245e0;  1 drivers
v0x55f038e0b7b0_0 .net "ca", 0 0, L_0x55f038e24430;  alias, 1 drivers
v0x55f038e0b870_0 .net "cin", 0 0, L_0x55f038e23830;  alias, 1 drivers
v0x55f038e0b9a0_0 .net "sum", 0 0, L_0x55f038e23f60;  1 drivers
S_0x55f038e0bb00 .scope module, "FA_1" "fullAdder" 8 13, 9 1 0, S_0x55f038e0ad10;
 .timescale 0 0;
    .port_info 0 /INPUT 1 "a"
    .port_info 1 /INPUT 1 "b"
    .port_info 2 /INPUT 1 "cin"
    .port_info 3 /OUTPUT 1 "sum"
    .port_info 4 /OUTPUT 1 "ca"
L_0x55f038e24710 .functor XOR 1, L_0x55f038e24c60, L_0x55f038e24d90, C4<0>, C4<0>;
L_0x55f038e24780 .functor XOR 1, L_0x55f038e24710, L_0x55f038e24430, C4<0>, C4<0>;
L_0x55f038e24880 .functor AND 1, L_0x55f038e24c60, L_0x55f038e24d90, C4<1>, C4<1>;
L_0x55f038e248f0 .functor AND 1, L_0x55f038e24c60, L_0x55f038e24430, C4<1>, C4<1>;
L_0x55f038e24990 .functor OR 1, L_0x55f038e24880, L_0x55f038e248f0, C4<0>, C4<0>;
L_0x55f038e24aa0 .functor AND 1, L_0x55f038e24d90, L_0x55f038e24430, C4<1>, C4<1>;
L_0x55f038e24b50 .functor OR 1, L_0x55f038e24990, L_0x55f038e24aa0, C4<0>, C4<0>;
v0x55f038e0bd70_0 .net *"_s0", 0 0, L_0x55f038e24710;  1 drivers
v0x55f038e0be50_0 .net *"_s10", 0 0, L_0x55f038e24aa0;  1 drivers
v0x55f038e0bf30_0 .net *"_s4", 0 0, L_0x55f038e24880;  1 drivers
v0x55f038e0bff0_0 .net *"_s6", 0 0, L_0x55f038e248f0;  1 drivers
v0x55f038e0c0d0_0 .net *"_s8", 0 0, L_0x55f038e24990;  1 drivers
v0x55f038e0c200_0 .net "a", 0 0, L_0x55f038e24c60;  1 drivers
v0x55f038e0c2c0_0 .net "b", 0 0, L_0x55f038e24d90;  1 drivers
v0x55f038e0c380_0 .net "ca", 0 0, L_0x55f038e24b50;  alias, 1 drivers
v0x55f038e0c440_0 .net "cin", 0 0, L_0x55f038e24430;  alias, 1 drivers
v0x55f038e0c570_0 .net "sum", 0 0, L_0x55f038e24780;  1 drivers
S_0x55f038e0c6e0 .scope module, "FA_2" "fullAdder" 8 14, 9 1 0, S_0x55f038e0ad10;
 .timescale 0 0;
    .port_info 0 /INPUT 1 "a"
    .port_info 1 /INPUT 1 "b"
    .port_info 2 /INPUT 1 "cin"
    .port_info 3 /OUTPUT 1 "sum"
    .port_info 4 /OUTPUT 1 "ca"
L_0x55f038e24ef0 .functor XOR 1, L_0x55f038e254e0, L_0x55f038e25610, C4<0>, C4<0>;
L_0x55f038e24f60 .functor XOR 1, L_0x55f038e24ef0, L_0x55f038e24b50, C4<0>, C4<0>;
L_0x55f038e250b0 .functor AND 1, L_0x55f038e254e0, L_0x55f038e25610, C4<1>, C4<1>;
L_0x55f038e25170 .functor AND 1, L_0x55f038e254e0, L_0x55f038e24b50, C4<1>, C4<1>;
L_0x55f038e25210 .functor OR 1, L_0x55f038e250b0, L_0x55f038e25170, C4<0>, C4<0>;
L_0x55f038e25320 .functor AND 1, L_0x55f038e25610, L_0x55f038e24b50, C4<1>, C4<1>;
L_0x55f038e253d0 .functor OR 1, L_0x55f038e25210, L_0x55f038e25320, C4<0>, C4<0>;
v0x55f038e0c910_0 .net *"_s0", 0 0, L_0x55f038e24ef0;  1 drivers
v0x55f038e0c9f0_0 .net *"_s10", 0 0, L_0x55f038e25320;  1 drivers
v0x55f038e0cad0_0 .net *"_s4", 0 0, L_0x55f038e250b0;  1 drivers
v0x55f038e0cbc0_0 .net *"_s6", 0 0, L_0x55f038e25170;  1 drivers
v0x55f038e0cca0_0 .net *"_s8", 0 0, L_0x55f038e25210;  1 drivers
v0x55f038e0cdd0_0 .net "a", 0 0, L_0x55f038e254e0;  1 drivers
v0x55f038e0ce90_0 .net "b", 0 0, L_0x55f038e25610;  1 drivers
v0x55f038e0cf50_0 .net "ca", 0 0, L_0x55f038e253d0;  alias, 1 drivers
v0x55f038e0d010_0 .net "cin", 0 0, L_0x55f038e24b50;  alias, 1 drivers
v0x55f038e0d140_0 .net "sum", 0 0, L_0x55f038e24f60;  1 drivers
S_0x55f038e0d2b0 .scope module, "FA_3" "fullAdder" 8 15, 9 1 0, S_0x55f038e0ad10;
 .timescale 0 0;
    .port_info 0 /INPUT 1 "a"
    .port_info 1 /INPUT 1 "b"
    .port_info 2 /INPUT 1 "cin"
    .port_info 3 /OUTPUT 1 "sum"
    .port_info 4 /OUTPUT 1 "ca"
L_0x55f038e25780 .functor XOR 1, L_0x55f038e25cd0, L_0x55f038e25e90, C4<0>, C4<0>;
L_0x55f038e257f0 .functor XOR 1, L_0x55f038e25780, L_0x55f038e253d0, C4<0>, C4<0>;
L_0x55f038e258f0 .functor AND 1, L_0x55f038e25cd0, L_0x55f038e25e90, C4<1>, C4<1>;
L_0x55f038e25960 .functor AND 1, L_0x55f038e25cd0, L_0x55f038e253d0, C4<1>, C4<1>;
L_0x55f038e25a00 .functor OR 1, L_0x55f038e258f0, L_0x55f038e25960, C4<0>, C4<0>;
L_0x55f038e25b10 .functor AND 1, L_0x55f038e25e90, L_0x55f038e253d0, C4<1>, C4<1>;
L_0x55f038e25bc0 .functor OR 1, L_0x55f038e25a00, L_0x55f038e25b10, C4<0>, C4<0>;
v0x55f038e0d4b0_0 .net *"_s0", 0 0, L_0x55f038e25780;  1 drivers
v0x55f038e0d5b0_0 .net *"_s10", 0 0, L_0x55f038e25b10;  1 drivers
v0x55f038e0d690_0 .net *"_s4", 0 0, L_0x55f038e258f0;  1 drivers
v0x55f038e0d780_0 .net *"_s6", 0 0, L_0x55f038e25960;  1 drivers
v0x55f038e0d860_0 .net *"_s8", 0 0, L_0x55f038e25a00;  1 drivers
v0x55f038e0d990_0 .net "a", 0 0, L_0x55f038e25cd0;  1 drivers
v0x55f038e0da50_0 .net "b", 0 0, L_0x55f038e25e90;  1 drivers
v0x55f038e0db10_0 .net "ca", 0 0, L_0x55f038e25bc0;  alias, 1 drivers
v0x55f038e0dbd0_0 .net "cin", 0 0, L_0x55f038e253d0;  alias, 1 drivers
v0x55f038e0dd00_0 .net "sum", 0 0, L_0x55f038e257f0;  1 drivers
S_0x55f038e0f9e0 .scope module, "x2" "mux" 3 17, 3 21 0, S_0x55f038de5390;
 .timescale 0 0;
    .port_info 0 /INPUT 1 "x"
    .port_info 1 /INPUT 1 "y"
    .port_info 2 /INPUT 1 "z"
    .port_info 3 /INPUT 32 "out1"
    .port_info 4 /INPUT 32 "out2"
    .port_info 5 /INPUT 32 "out3"
    .port_info 6 /INPUT 32 "out4"
    .port_info 7 /INPUT 32 "out5"
    .port_info 8 /INPUT 32 "out6"
    .port_info 9 /INPUT 32 "out7"
    .port_info 10 /INPUT 32 "out8"
    .port_info 11 /OUTPUT 32 "out"
L_0x55f038e380a0 .functor AND 32, L_0x55f038e38110, L_0x55f038e381d0, L_0x55f038e382e0, L_0x55f038e0fb60;
L_0x55f038e38110 .functor NOT 32, L_0x55f038e36bf0, C4<00000000000000000000000000000000>, C4<00000000000000000000000000000000>, C4<00000000000000000000000000000000>;
L_0x55f038e381d0 .functor NOT 32, L_0x55f038e37520, C4<00000000000000000000000000000000>, C4<00000000000000000000000000000000>, C4<00000000000000000000000000000000>;
L_0x55f038e382e0 .functor NOT 32, L_0x55f038e37ae0, C4<00000000000000000000000000000000>, C4<00000000000000000000000000000000>, C4<00000000000000000000000000000000>;
L_0x55f038e383f0 .functor AND 32, L_0x55f038e38460, L_0x55f038e38520, L_0x55f038e37ae0, L_0x55f038e13090;
L_0x55f038e38460 .functor NOT 32, L_0x55f038e36bf0, C4<00000000000000000000000000000000>, C4<00000000000000000000000000000000>, C4<00000000000000000000000000000000>;
L_0x55f038e38520 .functor NOT 32, L_0x55f038e37520, C4<00000000000000000000000000000000>, C4<00000000000000000000000000000000>, C4<00000000000000000000000000000000>;
L_0x55f038e385e0 .functor AND 32, L_0x55f038e386a0, L_0x55f038e37520, L_0x55f038e387a0, L_0x55f038e13330;
L_0x55f038e386a0 .functor NOT 32, L_0x55f038e36bf0, C4<00000000000000000000000000000000>, C4<00000000000000000000000000000000>, C4<00000000000000000000000000000000>;
L_0x55f038e387a0 .functor NOT 32, L_0x55f038e37ae0, C4<00000000000000000000000000000000>, C4<00000000000000000000000000000000>, C4<00000000000000000000000000000000>;
L_0x55f038e38900 .functor AND 32, L_0x55f038e38970, L_0x55f038e37520, L_0x55f038e37ae0, L_0x55f038e13510;
L_0x55f038e38970 .functor NOT 32, L_0x55f038e36bf0, C4<00000000000000000000000000000000>, C4<00000000000000000000000000000000>, C4<00000000000000000000000000000000>;
L_0x55f038e38a50 .functor AND 32, L_0x55f038e36bf0, L_0x55f038e38ac0, L_0x55f038e389e0, L_0x55f038e136c0;
L_0x55f038e38ac0 .functor NOT 32, L_0x55f038e37520, C4<00000000000000000000000000000000>, C4<00000000000000000000000000000000>, C4<00000000000000000000000000000000>;
L_0x55f038e389e0 .functor NOT 32, L_0x55f038e37ae0, C4<00000000000000000000000000000000>, C4<00000000000000000000000000000000>, C4<00000000000000000000000000000000>;
L_0x55f038e38c00 .functor AND 32, L_0x55f038e36bf0, L_0x55f038e38d00, L_0x55f038e37ae0, L_0x55f038e139a0;
L_0x55f038e38d00 .functor NOT 32, L_0x55f038e37520, C4<00000000000000000000000000000000>, C4<00000000000000000000000000000000>, C4<00000000000000000000000000000000>;
L_0x55f038e38dc0 .functor AND 32, L_0x55f038e36bf0, L_0x55f038e37520, L_0x55f038e39010, L_0x55f038e13a60;
L_0x55f038e39010 .functor NOT 32, L_0x55f038e37ae0, C4<00000000000000000000000000000000>, C4<00000000000000000000000000000000>, C4<00000000000000000000000000000000>;
L_0x55f038e391e0 .functor AND 32, L_0x55f038e36bf0, L_0x55f038e37520, L_0x55f038e37ae0, L_0x55f038e26950;
L_0x55f038e39330/0/0 .functor OR 32, L_0x55f038e380a0, L_0x55f038e383f0, L_0x55f038e385e0, L_0x55f038e38900;
L_0x55f038e39330/0/4 .functor OR 32, L_0x55f038e38a50, L_0x55f038e38c00, L_0x55f038e38dc0, L_0x55f038e391e0;
L_0x55f038e39330 .functor OR 32, L_0x55f038e39330/0/0, L_0x55f038e39330/0/4, C4<00000000000000000000000000000000>, C4<00000000000000000000000000000000>;
v0x55f038e0fd00_0 .net *"_s10", 31 0, L_0x55f038e382e0;  1 drivers
v0x55f038e0fde0_0 .net *"_s12", 31 0, L_0x55f038e38460;  1 drivers
v0x55f038e0fec0_0 .net *"_s14", 31 0, L_0x55f038e38520;  1 drivers
v0x55f038e0ff80_0 .net *"_s16", 31 0, L_0x55f038e386a0;  1 drivers
v0x55f038e10060_0 .net *"_s18", 31 0, L_0x55f038e387a0;  1 drivers
v0x55f038e10190_0 .net *"_s20", 31 0, L_0x55f038e38970;  1 drivers
v0x55f038e10270_0 .net *"_s22", 31 0, L_0x55f038e38ac0;  1 drivers
v0x55f038e10350_0 .net *"_s24", 31 0, L_0x55f038e389e0;  1 drivers
v0x55f038e10430_0 .net *"_s26", 31 0, L_0x55f038e38d00;  1 drivers
v0x55f038e105a0_0 .net *"_s28", 31 0, L_0x55f038e39010;  1 drivers
v0x55f038e10680_0 .net *"_s6", 31 0, L_0x55f038e38110;  1 drivers
v0x55f038e10760_0 .net *"_s8", 31 0, L_0x55f038e381d0;  1 drivers
v0x55f038e10840_0 .net "b1", 31 0, L_0x55f038e380a0;  1 drivers
v0x55f038e10920_0 .net "b2", 31 0, L_0x55f038e383f0;  1 drivers
v0x55f038e10a00_0 .net "b3", 31 0, L_0x55f038e385e0;  1 drivers
v0x55f038e10ae0_0 .net "b4", 31 0, L_0x55f038e38900;  1 drivers
v0x55f038e10bc0_0 .net "b5", 31 0, L_0x55f038e38a50;  1 drivers
v0x55f038e10ca0_0 .net "b6", 31 0, L_0x55f038e38c00;  1 drivers
v0x55f038e10d80_0 .net "b7", 31 0, L_0x55f038e38dc0;  1 drivers
v0x55f038e10e60_0 .net "b8", 31 0, L_0x55f038e391e0;  1 drivers
v0x55f038e10f40_0 .net "out", 31 0, L_0x55f038e39330;  alias, 1 drivers
v0x55f038e11020_0 .net "out1", 31 0, L_0x55f038e0fb60;  alias, 1 drivers
v0x55f038e11100_0 .net "out2", 31 0, L_0x55f038e13090;  alias, 1 drivers
v0x55f038e111e0_0 .net "out3", 31 0, L_0x55f038e13330;  alias, 1 drivers
v0x55f038e112c0_0 .net "out4", 31 0, L_0x55f038e13510;  alias, 1 drivers
v0x55f038e113a0_0 .net "out5", 31 0, L_0x55f038e136c0;  alias, 1 drivers
v0x55f038e11480_0 .net "out6", 31 0, L_0x55f038e139a0;  alias, 1 drivers
v0x55f038e11560_0 .net "out7", 31 0, L_0x55f038e13a60;  alias, 1 drivers
v0x55f038e11640_0 .net "out8", 31 0, L_0x55f038e26950;  alias, 1 drivers
v0x55f038e11700_0 .net "s0", 31 0, L_0x55f038e36bf0;  1 drivers
v0x55f038e117e0_0 .net "s1", 31 0, L_0x55f038e37520;  1 drivers
v0x55f038e118c0_0 .net "s2", 31 0, L_0x55f038e37ae0;  1 drivers
v0x55f038e119a0_0 .net "x", 0 0, L_0x55f038e38f70;  1 drivers
v0x55f038e11a60_0 .net "y", 0 0, L_0x55f038e396c0;  1 drivers
v0x55f038e11b20_0 .net "z", 0 0, L_0x55f038e39760;  1 drivers
LS_0x55f038e36bf0_0_0 .concat [ 1 1 1 1], L_0x55f038e38f70, L_0x55f038e38f70, L_0x55f038e38f70, L_0x55f038e38f70;
LS_0x55f038e36bf0_0_4 .concat [ 1 1 1 1], L_0x55f038e38f70, L_0x55f038e38f70, L_0x55f038e38f70, L_0x55f038e38f70;
LS_0x55f038e36bf0_0_8 .concat [ 1 1 1 1], L_0x55f038e38f70, L_0x55f038e38f70, L_0x55f038e38f70, L_0x55f038e38f70;
LS_0x55f038e36bf0_0_12 .concat [ 1 1 1 1], L_0x55f038e38f70, L_0x55f038e38f70, L_0x55f038e38f70, L_0x55f038e38f70;
LS_0x55f038e36bf0_0_16 .concat [ 1 1 1 1], L_0x55f038e38f70, L_0x55f038e38f70, L_0x55f038e38f70, L_0x55f038e38f70;
LS_0x55f038e36bf0_0_20 .concat [ 1 1 1 1], L_0x55f038e38f70, L_0x55f038e38f70, L_0x55f038e38f70, L_0x55f038e38f70;
LS_0x55f038e36bf0_0_24 .concat [ 1 1 1 1], L_0x55f038e38f70, L_0x55f038e38f70, L_0x55f038e38f70, L_0x55f038e38f70;
LS_0x55f038e36bf0_0_28 .concat [ 1 1 1 1], L_0x55f038e38f70, L_0x55f038e38f70, L_0x55f038e38f70, L_0x55f038e38f70;
LS_0x55f038e36bf0_1_0 .concat [ 4 4 4 4], LS_0x55f038e36bf0_0_0, LS_0x55f038e36bf0_0_4, LS_0x55f038e36bf0_0_8, LS_0x55f038e36bf0_0_12;
LS_0x55f038e36bf0_1_4 .concat [ 4 4 4 4], LS_0x55f038e36bf0_0_16, LS_0x55f038e36bf0_0_20, LS_0x55f038e36bf0_0_24, LS_0x55f038e36bf0_0_28;
L_0x55f038e36bf0 .concat [ 16 16 0 0], LS_0x55f038e36bf0_1_0, LS_0x55f038e36bf0_1_4;
LS_0x55f038e37520_0_0 .concat [ 1 1 1 1], L_0x55f038e396c0, L_0x55f038e396c0, L_0x55f038e396c0, L_0x55f038e396c0;
LS_0x55f038e37520_0_4 .concat [ 1 1 1 1], L_0x55f038e396c0, L_0x55f038e396c0, L_0x55f038e396c0, L_0x55f038e396c0;
LS_0x55f038e37520_0_8 .concat [ 1 1 1 1], L_0x55f038e396c0, L_0x55f038e396c0, L_0x55f038e396c0, L_0x55f038e396c0;
LS_0x55f038e37520_0_12 .concat [ 1 1 1 1], L_0x55f038e396c0, L_0x55f038e396c0, L_0x55f038e396c0, L_0x55f038e396c0;
LS_0x55f038e37520_0_16 .concat [ 1 1 1 1], L_0x55f038e396c0, L_0x55f038e396c0, L_0x55f038e396c0, L_0x55f038e396c0;
LS_0x55f038e37520_0_20 .concat [ 1 1 1 1], L_0x55f038e396c0, L_0x55f038e396c0, L_0x55f038e396c0, L_0x55f038e396c0;
LS_0x55f038e37520_0_24 .concat [ 1 1 1 1], L_0x55f038e396c0, L_0x55f038e396c0, L_0x55f038e396c0, L_0x55f038e396c0;
LS_0x55f038e37520_0_28 .concat [ 1 1 1 1], L_0x55f038e396c0, L_0x55f038e396c0, L_0x55f038e396c0, L_0x55f038e396c0;
LS_0x55f038e37520_1_0 .concat [ 4 4 4 4], LS_0x55f038e37520_0_0, LS_0x55f038e37520_0_4, LS_0x55f038e37520_0_8, LS_0x55f038e37520_0_12;
LS_0x55f038e37520_1_4 .concat [ 4 4 4 4], LS_0x55f038e37520_0_16, LS_0x55f038e37520_0_20, LS_0x55f038e37520_0_24, LS_0x55f038e37520_0_28;
L_0x55f038e37520 .concat [ 16 16 0 0], LS_0x55f038e37520_1_0, LS_0x55f038e37520_1_4;
LS_0x55f038e37ae0_0_0 .concat [ 1 1 1 1], L_0x55f038e39760, L_0x55f038e39760, L_0x55f038e39760, L_0x55f038e39760;
LS_0x55f038e37ae0_0_4 .concat [ 1 1 1 1], L_0x55f038e39760, L_0x55f038e39760, L_0x55f038e39760, L_0x55f038e39760;
LS_0x55f038e37ae0_0_8 .concat [ 1 1 1 1], L_0x55f038e39760, L_0x55f038e39760, L_0x55f038e39760, L_0x55f038e39760;
LS_0x55f038e37ae0_0_12 .concat [ 1 1 1 1], L_0x55f038e39760, L_0x55f038e39760, L_0x55f038e39760, L_0x55f038e39760;
LS_0x55f038e37ae0_0_16 .concat [ 1 1 1 1], L_0x55f038e39760, L_0x55f038e39760, L_0x55f038e39760, L_0x55f038e39760;
LS_0x55f038e37ae0_0_20 .concat [ 1 1 1 1], L_0x55f038e39760, L_0x55f038e39760, L_0x55f038e39760, L_0x55f038e39760;
LS_0x55f038e37ae0_0_24 .concat [ 1 1 1 1], L_0x55f038e39760, L_0x55f038e39760, L_0x55f038e39760, L_0x55f038e39760;
LS_0x55f038e37ae0_0_28 .concat [ 1 1 1 1], L_0x55f038e39760, L_0x55f038e39760, L_0x55f038e39760, L_0x55f038e39760;
LS_0x55f038e37ae0_1_0 .concat [ 4 4 4 4], LS_0x55f038e37ae0_0_0, LS_0x55f038e37ae0_0_4, LS_0x55f038e37ae0_0_8, LS_0x55f038e37ae0_0_12;
LS_0x55f038e37ae0_1_4 .concat [ 4 4 4 4], LS_0x55f038e37ae0_0_16, LS_0x55f038e37ae0_0_20, LS_0x55f038e37ae0_0_24, LS_0x55f038e37ae0_0_28;
L_0x55f038e37ae0 .concat [ 16 16 0 0], LS_0x55f038e37ae0_1_0, LS_0x55f038e37ae0_1_4;
    .scope S_0x55f038d84c10;
T_0 ;
    %pushi/vec4 0, 0, 3;
    %store/vec4 v0x55f038e12f30_0, 0, 3;
    %pushi/vec4 3, 0, 32;
    %store/vec4 v0x55f038e12ca0_0, 0, 32;
    %pushi/vec4 5, 0, 32;
    %store/vec4 v0x55f038e12d80_0, 0, 32;
    %delay 100, 0;
    %vpi_call 2 15 "$display", "%b %b %b \012", v0x55f038e12ca0_0, v0x55f038e12d80_0, v0x55f038e12e40_0 {0 0 0};
    %pushi/vec4 1, 0, 3;
    %store/vec4 v0x55f038e12f30_0, 0, 3;
    %delay 100, 0;
    %vpi_call 2 18 "$display", "%b %b %b \012", v0x55f038e12ca0_0, v0x55f038e12d80_0, v0x55f038e12e40_0 {0 0 0};
    %pushi/vec4 2, 0, 3;
    %store/vec4 v0x55f038e12f30_0, 0, 3;
    %delay 100, 0;
    %vpi_call 2 21 "$display", "%b %b %b \012", v0x55f038e12ca0_0, v0x55f038e12d80_0, v0x55f038e12e40_0 {0 0 0};
    %pushi/vec4 3, 0, 3;
    %store/vec4 v0x55f038e12f30_0, 0, 3;
    %delay 100, 0;
    %vpi_call 2 24 "$display", "%b %b %b \012", v0x55f038e12ca0_0, v0x55f038e12d80_0, v0x55f038e12e40_0 {0 0 0};
    %pushi/vec4 4, 0, 3;
    %store/vec4 v0x55f038e12f30_0, 0, 3;
    %delay 100, 0;
    %vpi_call 2 27 "$display", "%b %b %b \012", v0x55f038e12ca0_0, v0x55f038e12d80_0, v0x55f038e12e40_0 {0 0 0};
    %pushi/vec4 5, 0, 3;
    %store/vec4 v0x55f038e12f30_0, 0, 3;
    %delay 100, 0;
    %vpi_call 2 30 "$display", "%b %b %b \012", v0x55f038e12ca0_0, v0x55f038e12d80_0, v0x55f038e12e40_0 {0 0 0};
    %pushi/vec4 6, 0, 3;
    %store/vec4 v0x55f038e12f30_0, 0, 3;
    %delay 100, 0;
    %vpi_call 2 33 "$display", "%b %b %b \012", v0x55f038e12ca0_0, v0x55f038e12d80_0, v0x55f038e12e40_0 {0 0 0};
    %pushi/vec4 7, 0, 3;
    %store/vec4 v0x55f038e12f30_0, 0, 3;
    %delay 100, 0;
    %vpi_call 2 36 "$display", "%b %b %b \012", v0x55f038e12ca0_0, v0x55f038e12d80_0, v0x55f038e12e40_0 {0 0 0};
    %delay 100, 0;
    %vpi_call 2 44 "$finish" {0 0 0};
    %end;
    .thread T_0;
# The file index is used to find the file name in the following table.
:file_names 10;
    "N/A";
    "<interactive>";
    "logic_tb.v";
    "./logic.v";
    "./2scomp.v";
    "./thirtytwoBitAdder.v";
    "./sixteenBitAdder.v";
    "./eightBitAdder.v";
    "./fourBitAdder.v";
    "./fullAdder.v";
